TN:
SF:app/error.tsx
FN:8,Error
FN:15,(anonymous_3)
FN:46,(anonymous_4)
FNF:3
FNH:0
FNDA:0,Error
FNDA:0,(anonymous_3)
FNDA:0,(anonymous_4)
DA:3,0
DA:4,0
DA:5,0
DA:6,0
DA:8,0
DA:15,0
DA:17,0
DA:46,0
LF:8
LH:0
BRDA:33,0,0,0
BRF:1
BRH:0
end_of_record
TN:
SF:app/layout.tsx
FN:102,RootLayout
FNF:1
FNH:0
FNDA:0,RootLayout
DA:2,0
DA:3,0
DA:4,0
DA:5,0
DA:6,0
DA:7,0
DA:8,0
DA:9,0
DA:10,0
DA:11,0
DA:12,0
DA:13,0
DA:14,0
DA:16,0
DA:21,0
DA:22,0
DA:24,0
DA:26,0
DA:102,0
DA:108,0
DA:109,0
LF:21
LH:0
BRDA:109,0,0,0
BRDA:109,0,1,0
BRDA:115,1,0,0
BRDA:115,1,1,0
BRF:4
BRH:0
end_of_record
TN:
SF:app/loading.tsx
FN:1,Loading
FNF:1
FNH:0
FNDA:0,Loading
DA:1,0
DA:2,0
LF:2
LH:0
BRF:0
BRH:0
end_of_record
TN:
SF:app/not-found.tsx
FN:5,NotFound
FNF:1
FNH:0
FNDA:0,NotFound
DA:1,0
DA:2,0
DA:3,0
DA:5,0
LF:4
LH:0
BRF:0
BRH:0
end_of_record
TN:
SF:app/page.tsx
FN:13,HomePage
FN:31,(anonymous_3)
FNF:2
FNH:0
FNDA:0,HomePage
FNDA:0,(anonymous_3)
DA:3,0
DA:4,0
DA:6,0
DA:7,0
DA:8,0
DA:13,0
DA:32,0
LF:7
LH:0
BRDA:40,0,0,0
BRDA:40,0,1,0
BRDA:41,1,0,0
BRDA:41,1,1,0
BRDA:42,2,0,0
BRDA:42,2,1,0
BRDA:43,3,0,0
BRDA:43,3,1,0
BRF:8
BRH:0
end_of_record
TN:
SF:app/sitemap.ts
FN:4,sitemap
FN:90,(anonymous_2)
FNF:2
FNH:0
FNDA:0,sitemap
FNDA:0,(anonymous_2)
DA:2,0
DA:4,0
DA:5,0
DA:8,0
DA:72,0
DA:74,0
DA:75,0
DA:76,0
DA:82,0
DA:89,0
DA:90,0
DA:99,0
DA:101,0
DA:112,0
DA:128,0
DA:143,0
DA:146,0
DA:154,0
LF:18
LH:0
BRDA:75,0,0,0
BRDA:75,1,0,0
BRDA:75,1,1,0
BRDA:89,2,0,0
BRDA:89,3,0,0
BRDA:89,3,1,0
BRDA:92,4,0,0
BRDA:92,4,1,0
BRF:8
BRH:0
end_of_record
TN:
SF:app/about/page.tsx
FN:26,AboutPage
FNF:1
FNH:0
FNDA:0,AboutPage
DA:3,0
DA:8,0
DA:9,0
DA:11,0
DA:26,0
LF:5
LH:0
BRF:0
BRH:0
end_of_record
TN:
SF:app/admin/layout.tsx
FN:3,(anonymous_7)
FN:3,(anonymous_8)
FN:3,(anonymous_9)
FN:12,AdminSectionLayout
FNF:4
FNH:0
FNDA:0,(anonymous_7)
FNDA:0,(anonymous_8)
FNDA:0,(anonymous_9)
FNDA:0,AdminSectionLayout
DA:2,0
DA:3,0
DA:5,0
DA:12,0
LF:4
LH:0
BRF:0
BRH:0
end_of_record
TN:
SF:app/admin/page.tsx
FN:6,(anonymous_5)
FN:6,(anonymous_6)
FN:6,(anonymous_7)
FN:7,(anonymous_9)
FN:7,(anonymous_10)
FN:7,(anonymous_11)
FN:11,AdminPage
FN:17,(anonymous_14)
FN:19,(anonymous_15)
FNF:9
FNH:0
FNDA:0,(anonymous_5)
FNDA:0,(anonymous_6)
FNDA:0,(anonymous_7)
FNDA:0,(anonymous_9)
FNDA:0,(anonymous_10)
FNDA:0,(anonymous_11)
FNDA:0,AdminPage
FNDA:0,(anonymous_14)
FNDA:0,(anonymous_15)
DA:3,0
DA:5,0
DA:6,0
DA:7,0
DA:8,0
DA:9,0
DA:11,0
DA:12,0
DA:13,0
DA:16,0
DA:17,0
DA:19,0
DA:20,0
DA:21,0
DA:23,0
DA:24,0
DA:29,0
DA:30,0
DA:40,0
DA:41,0
DA:42,0
DA:44,0
DA:47,0
DA:48,0
DA:49,0
DA:70,0
DA:71,0
DA:73,0
LF:28
LH:0
BRDA:20,0,0,0
BRDA:23,1,0,0
BRDA:29,2,0,0
BRDA:40,3,0,0
BRDA:41,4,0,0
BRDA:47,5,0,0
BRDA:48,6,0,0
BRDA:70,7,0,0
BRDA:71,8,0,0
BRDA:71,8,1,0
BRDA:73,9,0,0
BRDA:73,9,1,0
BRF:12
BRH:0
end_of_record
TN:
SF:app/admin/analytics/loading.tsx
FN:1,Loading
FNF:1
FNH:0
FNDA:0,Loading
DA:1,0
DA:2,0
LF:2
LH:0
BRF:0
BRH:0
end_of_record
TN:
SF:app/admin/dashboard/page.tsx
FN:7,(anonymous_5)
FN:7,(anonymous_6)
FN:7,(anonymous_7)
FN:12,AdminDashboardPage
FN:15,(anonymous_11)
FNF:5
FNH:0
FNDA:0,(anonymous_5)
FNDA:0,(anonymous_6)
FNDA:0,(anonymous_7)
FNDA:0,AdminDashboardPage
FNDA:0,(anonymous_11)
DA:3,0
DA:4,0
DA:5,0
DA:7,0
DA:12,0
DA:13,0
DA:15,0
DA:16,0
DA:19,0
DA:23,0
LF:10
LH:0
BRDA:19,0,0,0
BRF:1
BRH:0
end_of_record
TN:
SF:app/admin/login/page.tsx
FN:8,AdminLoginPage
FN:9,(anonymous_2)
FN:11,(anonymous_3)
FNF:3
FNH:0
FNDA:0,AdminLoginPage
FNDA:0,(anonymous_2)
FNDA:0,(anonymous_3)
DA:2,0
DA:3,0
DA:4,0
DA:8,0
DA:9,0
DA:11,0
DA:12,0
DA:13,0
DA:14,0
DA:15,0
DA:17,0
DA:20,0
DA:24,0
LF:13
LH:0
BRDA:14,0,0,0
BRF:1
BRH:0
end_of_record
TN:
SF:app/api/admin/add-admin/route.ts
FN:15,POST
FNF:1
FNH:0
FNDA:0,POST
DA:1,0
DA:2,0
DA:3,0
DA:4,0
DA:5,0
DA:6,0
DA:8,0
DA:15,0
DA:16,0
DA:17,0
DA:18,0
DA:21,0
DA:22,0
DA:23,0
DA:24,0
DA:27,0
DA:28,0
DA:29,0
DA:30,0
DA:33,0
DA:36,0
DA:41,0
DA:42,0
DA:43,0
DA:45,0
DA:46,0
DA:49,0
DA:50,0
DA:65,0
DA:66,0
DA:67,0
DA:70,0
DA:72,0
DA:73,0
LF:34
LH:0
BRDA:17,0,0,0
BRDA:22,1,0,0
BRDA:22,1,1,0
BRDA:23,2,0,0
BRDA:23,3,0,0
BRDA:23,3,1,0
BRDA:23,3,2,0
BRDA:29,4,0,0
BRDA:41,5,0,0
BRDA:45,6,0,0
BRDA:45,7,0,0
BRDA:45,7,1,0
BRDA:56,8,0,0
BRDA:56,8,1,0
BRDA:65,9,0,0
BRDA:65,10,0,0
BRDA:65,10,1,0
BRDA:65,10,2,0
BRF:18
BRH:0
end_of_record
TN:
SF:app/api/admin/cars/route.ts
FN:45,GET
FN:62,(anonymous_6)
FN:93,POST
FN:205,PUT
FN:333,DELETE
FNF:5
FNH:0
FNDA:0,GET
FNDA:0,(anonymous_6)
FNDA:0,POST
FNDA:0,PUT
FNDA:0,DELETE
DA:1,0
DA:2,0
DA:3,0
DA:4,0
DA:5,0
DA:6,0
DA:9,0
DA:35,0
DA:42,0
DA:45,0
DA:46,0
DA:47,0
DA:48,0
DA:49,0
DA:51,0
DA:52,0
DA:54,0
DA:58,0
DA:61,0
DA:62,0
DA:70,0
DA:73,0
DA:75,0
DA:77,0
DA:78,0
DA:81,0
DA:82,0
DA:85,0
DA:93,0
DA:94,0
DA:95,0
DA:96,0
DA:98,0
DA:99,0
DA:100,0
DA:102,0
DA:103,0
DA:106,0
DA:107,0
DA:110,0
DA:112,0
DA:113,0
DA:114,0
DA:120,0
DA:123,0
DA:143,0
DA:178,0
DA:179,0
DA:182,0
DA:185,0
DA:187,0
DA:189,0
DA:190,0
DA:193,0
DA:194,0
DA:197,0
DA:205,0
DA:206,0
DA:207,0
DA:208,0
DA:210,0
DA:211,0
DA:212,0
DA:214,0
DA:215,0
DA:218,0
DA:219,0
DA:222,0
DA:224,0
DA:226,0
DA:227,0
DA:228,0
DA:229,0
DA:235,0
DA:237,0
DA:242,0
DA:244,0
DA:250,0
DA:251,0
DA:252,0
DA:253,0
DA:254,0
DA:255,0
DA:256,0
DA:257,0
DA:258,0
DA:259,0
DA:260,0
DA:261,0
DA:262,0
DA:263,0
DA:264,0
DA:265,0
DA:266,0
DA:267,0
DA:268,0
DA:269,0
DA:270,0
DA:273,0
DA:274,0
DA:281,0
DA:282,0
DA:284,0
DA:286,0
DA:292,0
DA:293,0
DA:294,0
DA:296,0
DA:297,0
DA:299,0
DA:301,0
DA:302,0
DA:303,0
DA:313,0
DA:315,0
DA:317,0
DA:318,0
DA:321,0
DA:322,0
DA:325,0
DA:333,0
DA:334,0
DA:335,0
DA:336,0
DA:338,0
DA:339,0
DA:340,0
DA:342,0
DA:343,0
DA:346,0
DA:347,0
DA:349,0
DA:350,0
DA:352,0
DA:353,0
DA:359,0
DA:360,0
DA:364,0
DA:365,0
DA:367,0
DA:368,0
DA:375,0
DA:377,0
DA:379,0
DA:380,0
DA:383,0
DA:384,0
DA:387,0
LF:148
LH:0
BRDA:48,0,0,0
BRDA:52,1,0,0
BRDA:58,2,0,0
BRDA:58,2,1,0
BRDA:58,3,0,0
BRDA:58,3,1,0
BRDA:61,4,0,0
BRDA:61,4,1,0
BRDA:75,5,0,0
BRDA:75,5,1,0
BRDA:77,6,0,0
BRDA:81,7,0,0
BRDA:95,8,0,0
BRDA:99,9,0,0
BRDA:102,10,0,0
BRDA:102,11,0,0
BRDA:102,11,1,0
BRDA:107,12,0,0
BRDA:113,13,0,0
BRDA:125,14,0,0
BRDA:125,14,1,0
BRDA:126,15,0,0
BRDA:126,15,1,0
BRDA:131,16,0,0
BRDA:131,16,1,0
BRDA:133,17,0,0
BRDA:133,17,1,0
BRDA:134,18,0,0
BRDA:134,18,1,0
BRDA:161,19,0,0
BRDA:161,19,1,0
BRDA:162,20,0,0
BRDA:162,20,1,0
BRDA:178,21,0,0
BRDA:178,22,0,0
BRDA:178,22,1,0
BRDA:178,22,2,0
BRDA:187,23,0,0
BRDA:187,23,1,0
BRDA:189,24,0,0
BRDA:193,25,0,0
BRDA:207,26,0,0
BRDA:211,27,0,0
BRDA:214,28,0,0
BRDA:214,29,0,0
BRDA:214,29,1,0
BRDA:219,30,0,0
BRDA:227,31,0,0
BRDA:250,32,0,0
BRDA:251,33,0,0
BRDA:252,34,0,0
BRDA:253,35,0,0
BRDA:254,36,0,0
BRDA:255,37,0,0
BRDA:256,38,0,0
BRDA:257,39,0,0
BRDA:258,40,0,0
BRDA:259,41,0,0
BRDA:260,42,0,0
BRDA:261,43,0,0
BRDA:262,44,0,0
BRDA:263,45,0,0
BRDA:264,46,0,0
BRDA:265,47,0,0
BRDA:266,48,0,0
BRDA:267,49,0,0
BRDA:268,50,0,0
BRDA:269,51,0,0
BRDA:270,52,0,0
BRDA:273,53,0,0
BRDA:273,54,0,0
BRDA:273,54,1,0
BRDA:275,55,0,0
BRDA:275,55,1,0
BRDA:276,56,0,0
BRDA:276,56,1,0
BRDA:292,57,0,0
BRDA:296,58,0,0
BRDA:296,59,0,0
BRDA:296,59,1,0
BRDA:306,60,0,0
BRDA:306,60,1,0
BRDA:306,60,2,0
BRDA:306,60,3,0
BRDA:306,60,4,0
BRDA:315,61,0,0
BRDA:315,61,1,0
BRDA:317,62,0,0
BRDA:321,63,0,0
BRDA:335,64,0,0
BRDA:339,65,0,0
BRDA:342,66,0,0
BRDA:342,67,0,0
BRDA:342,67,1,0
BRDA:347,68,0,0
BRDA:352,69,0,0
BRDA:364,70,0,0
BRDA:377,71,0,0
BRDA:377,71,1,0
BRDA:379,72,0,0
BRDA:383,73,0,0
BRF:101
BRH:0
end_of_record
TN:
SF:app/api/admin/csrf-debug/route.ts
FN:7,POST
FN:23,GET
FNF:2
FNH:0
FNDA:0,POST
FNDA:0,GET
DA:1,0
DA:2,0
DA:4,0
DA:5,0
DA:7,0
DA:8,0
DA:9,0
DA:10,0
DA:11,0
DA:12,0
DA:19,0
DA:23,0
DA:24,0
LF:13
LH:0
BRDA:9,0,0,0
BRDA:9,0,1,0
BRDA:10,1,0,0
BRDA:10,1,1,0
BRDA:16,2,0,0
BRDA:16,2,1,0
BRDA:16,2,2,0
BRF:7
BRH:0
end_of_record
TN:
SF:app/api/admin/login/route.ts
FN:14,POST
FN:78,GET
FN:82,PUT
FN:86,DELETE
FNF:4
FNH:0
FNDA:0,POST
FNDA:0,GET
FNDA:0,PUT
FNDA:0,DELETE
DA:1,0
DA:2,0
DA:3,0
DA:7,0
DA:12,0
DA:14,0
DA:15,0
DA:16,0
DA:17,0
DA:20,0
DA:22,0
DA:23,0
DA:24,0
DA:30,0
DA:33,0
DA:35,0
DA:36,0
DA:37,0
DA:40,0
DA:41,0
DA:42,0
DA:43,0
DA:44,0
DA:45,0
DA:46,0
DA:47,0
DA:48,0
DA:49,0
DA:50,0
DA:51,0
DA:52,0
DA:53,0
DA:54,0
DA:58,0
DA:65,0
DA:78,0
DA:79,0
DA:82,0
DA:83,0
DA:86,0
DA:87,0
LF:41
LH:0
BRDA:17,0,0,0
BRDA:23,1,0,0
BRDA:35,2,0,0
BRDA:35,2,1,0
BRDA:40,3,0,0
BRDA:40,3,1,0
BRDA:40,4,0,0
BRDA:40,4,1,0
BRDA:42,5,0,0
BRDA:42,5,1,0
BRDA:45,6,0,0
BRDA:45,6,1,0
BRDA:48,7,0,0
BRDA:48,7,1,0
BRDA:50,8,0,0
BRDA:50,8,1,0
BRDA:52,9,0,0
BRDA:68,10,0,0
BRDA:68,10,1,0
BRDA:69,11,0,0
BRDA:69,11,1,0
BRDA:70,12,0,0
BRDA:70,12,1,0
BRF:23
BRH:0
end_of_record
TN:
SF:app/api/admin/login-resend/route.ts
FN:12,generateCode
FN:15,(anonymous_2)
FN:20,POST
FNF:3
FNH:0
FNDA:0,generateCode
FNDA:0,(anonymous_2)
FNDA:0,POST
DA:1,0
DA:2,0
DA:3,0
DA:4,0
DA:5,0
DA:8,0
DA:13,0
DA:14,0
DA:15,0
DA:18,0
DA:20,0
DA:21,0
DA:22,0
DA:23,0
DA:25,0
DA:26,0
DA:28,0
DA:29,0
DA:30,0
DA:31,0
DA:37,0
DA:38,0
DA:43,0
DA:44,0
DA:45,0
DA:47,0
DA:48,0
DA:50,0
DA:52,0
DA:53,0
DA:55,0
DA:63,0
DA:64,0
DA:65,0
DA:68,0
DA:69,0
DA:74,0
DA:75,0
DA:78,0
DA:80,0
DA:81,0
LF:41
LH:0
BRDA:22,0,0,0
BRDA:26,1,0,0
BRDA:30,2,0,0
BRDA:43,3,0,0
BRDA:47,4,0,0
BRDA:47,5,0,0
BRDA:47,5,1,0
BRDA:63,6,0,0
BRDA:74,7,0,0
BRF:9
BRH:0
end_of_record
TN:
SF:app/api/admin/login-start/route.ts
FN:23,generateCode
FN:26,(anonymous_3)
FN:31,POST
FNF:3
FNH:0
FNDA:0,generateCode
FNDA:0,(anonymous_3)
FNDA:0,POST
DA:1,0
DA:2,0
DA:3,0
DA:4,0
DA:6,0
DA:7,0
DA:14,0
DA:21,0
DA:24,0
DA:25,0
DA:26,0
DA:31,0
DA:32,0
DA:34,0
DA:35,0
DA:36,0
DA:37,0
DA:38,0
DA:40,0
DA:42,0
DA:43,0
DA:45,0
DA:46,0
DA:48,0
DA:49,0
DA:50,0
DA:51,0
DA:57,0
DA:58,0
DA:64,0
DA:70,0
DA:71,0
DA:72,0
DA:73,0
DA:74,0
DA:75,0
DA:77,0
DA:79,0
DA:80,0
DA:82,0
DA:98,0
DA:99,0
DA:100,0
DA:101,0
DA:104,0
DA:105,0
DA:106,0
DA:107,0
DA:115,0
DA:116,0
DA:117,0
DA:119,0
DA:125,0
DA:126,0
DA:127,0
DA:139,0
DA:140,0
DA:141,0
DA:142,0
DA:143,0
DA:144,0
DA:146,0
DA:150,0
DA:151,0
DA:160,0
DA:161,0
DA:162,0
DA:164,0
DA:166,0
DA:167,0
DA:168,0
DA:169,0
DA:170,0
DA:172,0
LF:74
LH:0
BRDA:34,0,0,0
BRDA:34,1,0,0
BRDA:34,1,1,0
BRDA:36,2,0,0
BRDA:42,3,0,0
BRDA:46,4,0,0
BRDA:50,5,0,0
BRDA:70,6,0,0
BRDA:73,7,0,0
BRDA:75,8,0,0
BRDA:75,8,1,0
BRDA:79,9,0,0
BRDA:79,10,0,0
BRDA:79,10,1,0
BRDA:98,11,0,0
BRDA:98,11,1,0
BRDA:99,12,0,0
BRDA:99,13,0,0
BRDA:99,13,1,0
BRDA:105,14,0,0
BRDA:106,15,0,0
BRDA:106,15,1,0
BRDA:111,16,0,0
BRDA:111,16,1,0
BRDA:115,17,0,0
BRDA:116,18,0,0
BRDA:139,19,0,0
BRDA:139,20,0,0
BRDA:139,20,1,0
BRDA:139,20,2,0
BRDA:142,21,0,0
BRDA:144,22,0,0
BRDA:144,22,1,0
BRDA:144,23,0,0
BRDA:144,23,1,0
BRDA:161,24,0,0
BRDA:168,25,0,0
BRDA:170,26,0,0
BRDA:170,26,1,0
BRF:39
BRH:0
end_of_record
TN:
SF:app/api/admin/login-verify/route.ts
FN:20,POST
FN:92,(anonymous_2)
FNF:2
FNH:0
FNDA:0,POST
FNDA:0,(anonymous_2)
DA:1,0
DA:2,0
DA:3,0
DA:4,0
DA:6,0
DA:7,0
DA:8,0
DA:14,0
DA:20,0
DA:21,0
DA:22,0
DA:24,0
DA:25,0
DA:26,0
DA:29,0
DA:32,0
DA:33,0
DA:34,0
DA:36,0
DA:37,0
DA:39,0
DA:40,0
DA:41,0
DA:42,0
DA:48,0
DA:49,0
DA:50,0
DA:51,0
DA:53,0
DA:56,0
DA:64,0
DA:65,0
DA:66,0
DA:67,0
DA:69,0
DA:72,0
DA:74,0
DA:75,0
DA:76,0
DA:91,0
DA:92,0
DA:93,0
DA:103,0
DA:104,0
DA:107,0
DA:110,0
DA:121,0
DA:123,0
DA:124,0
DA:125,0
DA:126,0
DA:127,0
DA:128,0
DA:129,0
DA:130,0
DA:131,0
DA:132,0
DA:133,0
DA:134,0
DA:135,0
DA:140,0
DA:143,0
DA:144,0
DA:147,0
DA:148,0
DA:152,0
DA:153,0
DA:154,0
DA:155,0
DA:156,0
DA:157,0
DA:159,0
DA:161,0
DA:162,0
DA:164,0
DA:165,0
DA:176,0
DA:190,0
DA:191,0
DA:192,0
DA:193,0
DA:195,0
DA:198,0
DA:200,0
DA:201,0
DA:202,0
DA:204,0
DA:208,0
DA:216,0
DA:218,0
DA:220,0
DA:221,0
DA:222,0
DA:225,0
DA:226,0
DA:228,0
DA:232,0
DA:233,0
DA:234,0
DA:236,0
DA:244,0
DA:253,0
DA:263,0
DA:265,0
DA:266,0
DA:268,0
DA:269,0
DA:270,0
DA:272,0
DA:273,0
LF:110
LH:0
BRDA:24,0,0,0
BRDA:34,1,0,0
BRDA:40,2,0,0
BRDA:64,3,0,0
BRDA:66,4,0,0
BRDA:72,5,0,0
BRDA:72,5,1,0
BRDA:74,6,0,0
BRDA:74,7,0,0
BRDA:74,7,1,0
BRDA:91,8,0,0
BRDA:91,8,1,0
BRDA:92,9,0,0
BRDA:92,9,1,0
BRDA:104,10,0,0
BRDA:104,10,1,0
BRDA:104,11,0,0
BRDA:104,11,1,0
BRDA:107,12,0,0
BRDA:107,12,1,0
BRDA:118,13,0,0
BRDA:118,13,1,0
BRDA:121,14,0,0
BRDA:125,15,0,0
BRDA:127,16,0,0
BRDA:130,17,0,0
BRDA:133,18,0,0
BRDA:133,18,1,0
BRDA:134,19,0,0
BRDA:134,20,0,0
BRDA:134,20,1,0
BRDA:143,21,0,0
BRDA:143,22,0,0
BRDA:143,22,1,0
BRDA:147,23,0,0
BRDA:152,24,0,0
BRDA:152,24,1,0
BRDA:153,25,0,0
BRDA:153,25,1,0
BRDA:153,25,2,0
BRDA:159,26,0,0
BRDA:159,26,1,0
BRDA:159,27,0,0
BRDA:159,27,1,0
BRDA:161,28,0,0
BRDA:161,28,1,0
BRDA:190,29,0,0
BRDA:192,30,0,0
BRDA:200,31,0,0
BRDA:200,31,1,0
BRDA:202,32,0,0
BRDA:202,32,1,0
BRDA:221,33,0,0
BRDA:221,33,1,0
BRDA:226,34,0,0
BRDA:226,34,1,0
BRDA:226,35,0,0
BRDA:226,35,1,0
BRDA:228,36,0,0
BRDA:269,37,0,0
BRDA:273,38,0,0
BRDA:273,38,1,0
BRDA:273,38,2,0
BRF:63
BRH:0
end_of_record
TN:
SF:app/api/admin/logout/route.ts
FN:7,POST
FN:107,GET
FN:111,PUT
FN:115,DELETE
FNF:4
FNH:0
FNDA:0,POST
FNDA:0,GET
FNDA:0,PUT
FNDA:0,DELETE
DA:1,0
DA:2,0
DA:3,0
DA:4,0
DA:5,0
DA:7,0
DA:8,0
DA:10,0
DA:13,0
DA:16,0
DA:24,0
DA:33,0
DA:42,0
DA:43,0
DA:44,0
DA:45,0
DA:46,0
DA:47,0
DA:51,0
DA:52,0
DA:53,0
DA:54,0
DA:55,0
DA:59,0
DA:63,0
DA:71,0
DA:79,0
DA:82,0
DA:85,0
DA:87,0
DA:94,0
DA:102,0
DA:107,0
DA:108,0
DA:111,0
DA:112,0
DA:115,0
DA:116,0
LF:38
LH:0
BRDA:44,0,0,0
BRDA:46,1,0,0
BRDA:52,2,0,0
BRDA:54,3,0,0
BRF:4
BRH:0
end_of_record
TN:
SF:app/api/admin/me/route.ts
FN:20,GET
FNF:1
FNH:0
FNDA:0,GET
DA:1,0
DA:2,0
DA:3,0
DA:6,0
DA:20,0
DA:21,0
DA:22,0
DA:23,0
DA:24,0
DA:26,0
DA:27,0
DA:28,0
DA:30,0
DA:32,0
DA:33,0
DA:34,0
DA:35,0
DA:38,0
DA:39,0
DA:43,0
DA:44,0
DA:46,0
DA:52,0
DA:58,0
DA:62,0
DA:63,0
DA:64,0
DA:65,0
DA:66,0
DA:68,0
DA:69,0
DA:71,0
DA:81,0
DA:82,0
DA:83,0
DA:84,0
DA:85,0
DA:89,0
DA:98,0
DA:99,0
DA:109,0
DA:113,0
DA:117,0
DA:121,0
DA:122,0
DA:123,0
DA:124,0
DA:125,0
DA:130,0
DA:132,0
DA:133,0
DA:135,0
DA:136,0
DA:137,0
DA:139,0
DA:140,0
DA:142,0
DA:143,0
DA:144,0
DA:145,0
DA:146,0
DA:150,0
DA:151,0
DA:159,0
DA:160,0
DA:169,0
DA:175,0
DA:176,0
DA:177,0
DA:179,0
LF:70
LH:0
BRDA:22,0,0,0
BRDA:22,0,1,0
BRDA:22,1,0,0
BRDA:22,1,1,0
BRDA:23,2,0,0
BRDA:23,2,1,0
BRDA:23,3,0,0
BRDA:23,3,1,0
BRDA:28,4,0,0
BRDA:28,4,1,0
BRDA:30,5,0,0
BRDA:34,6,0,0
BRDA:38,7,0,0
BRDA:44,8,0,0
BRDA:44,8,1,0
BRDA:63,9,0,0
BRDA:66,10,0,0
BRDA:66,11,0,0
BRDA:66,11,1,0
BRDA:69,12,0,0
BRDA:82,13,0,0
BRDA:83,14,0,0
BRDA:83,14,1,0
BRDA:84,15,0,0
BRDA:98,16,0,0
BRDA:121,17,0,0
BRDA:121,18,0,0
BRDA:121,18,1,0
BRDA:132,19,0,0
BRDA:135,20,0,0
BRDA:135,21,0,0
BRDA:135,21,1,0
BRDA:139,22,0,0
BRDA:143,23,0,0
BRDA:144,24,0,0
BRDA:144,24,1,0
BRDA:145,25,0,0
BRDA:150,26,0,0
BRDA:150,26,1,0
BRDA:159,27,0,0
BRF:40
BRH:0
end_of_record
TN:
SF:app/api/admin/messages/route.ts
FN:6,GET
FN:22,PUT
FN:46,DELETE
FNF:3
FNH:0
FNDA:0,GET
FNDA:0,PUT
FNDA:0,DELETE
DA:1,0
DA:2,0
DA:3,0
DA:4,0
DA:6,0
DA:7,0
DA:8,0
DA:9,0
DA:13,0
DA:14,0
DA:16,0
DA:17,0
DA:18,0
DA:22,0
DA:23,0
DA:24,0
DA:25,0
DA:27,0
DA:28,0
DA:29,0
DA:31,0
DA:32,0
DA:33,0
DA:34,0
DA:36,0
DA:37,0
DA:38,0
DA:40,0
DA:41,0
DA:42,0
DA:46,0
DA:47,0
DA:48,0
DA:49,0
DA:51,0
DA:52,0
DA:53,0
DA:55,0
DA:56,0
DA:57,0
DA:58,0
DA:59,0
DA:60,0
DA:62,0
DA:63,0
DA:64,0
LF:46
LH:0
BRDA:13,0,0,0
BRDA:14,1,0,0
BRDA:14,1,1,0
BRDA:16,2,0,0
BRDA:16,2,1,0
BRDA:17,3,0,0
BRDA:17,3,1,0
BRDA:24,4,0,0
BRDA:28,5,0,0
BRDA:28,6,0,0
BRDA:28,6,1,0
BRDA:33,7,0,0
BRDA:33,8,0,0
BRDA:33,8,1,0
BRDA:37,9,0,0
BRDA:40,10,0,0
BRDA:40,10,1,0
BRDA:41,11,0,0
BRDA:41,11,1,0
BRDA:48,12,0,0
BRDA:52,13,0,0
BRDA:52,14,0,0
BRDA:52,14,1,0
BRDA:57,15,0,0
BRDA:59,16,0,0
BRDA:62,17,0,0
BRDA:62,17,1,0
BRDA:63,18,0,0
BRDA:63,18,1,0
BRF:29
BRH:0
end_of_record
TN:
SF:app/api/admin/reset-rate-limit/route.ts
FN:7,POST
FNF:1
FNH:0
FNDA:0,POST
DA:1,0
DA:2,0
DA:4,0
DA:5,0
DA:7,0
DA:8,0
DA:9,0
DA:10,0
DA:12,0
DA:13,0
DA:18,0
DA:20,0
DA:21,0
DA:22,0
DA:25,0
DA:26,0
DA:27,0
DA:30,0
DA:38,0
DA:39,0
LF:20
LH:0
BRDA:10,0,0,0
BRDA:12,1,0,0
BRDA:20,2,0,0
BRDA:20,3,0,0
BRDA:20,3,1,0
BRDA:25,4,0,0
BRDA:25,5,0,0
BRDA:25,5,1,0
BRF:8
BRH:0
end_of_record
TN:
SF:app/api/admin/reviews/route.ts
FN:6,GET
FN:25,PUT
FN:52,DELETE
FNF:3
FNH:0
FNDA:0,GET
FNDA:0,PUT
FNDA:0,DELETE
DA:1,0
DA:2,0
DA:3,0
DA:4,0
DA:6,0
DA:7,0
DA:8,0
DA:9,0
DA:10,0
DA:12,0
DA:16,0
DA:17,0
DA:19,0
DA:20,0
DA:21,0
DA:25,0
DA:26,0
DA:27,0
DA:28,0
DA:30,0
DA:31,0
DA:32,0
DA:34,0
DA:35,0
DA:37,0
DA:38,0
DA:39,0
DA:40,0
DA:42,0
DA:43,0
DA:44,0
DA:46,0
DA:47,0
DA:48,0
DA:52,0
DA:53,0
DA:54,0
DA:55,0
DA:57,0
DA:58,0
DA:59,0
DA:61,0
DA:62,0
DA:64,0
DA:65,0
DA:66,0
DA:67,0
DA:68,0
DA:69,0
DA:71,0
DA:72,0
DA:73,0
LF:52
LH:0
BRDA:9,0,0,0
BRDA:16,1,0,0
BRDA:17,2,0,0
BRDA:17,2,1,0
BRDA:19,3,0,0
BRDA:19,3,1,0
BRDA:20,4,0,0
BRDA:20,4,1,0
BRDA:27,5,0,0
BRDA:31,6,0,0
BRDA:34,7,0,0
BRDA:34,8,0,0
BRDA:34,8,1,0
BRDA:39,9,0,0
BRDA:39,10,0,0
BRDA:39,10,1,0
BRDA:43,11,0,0
BRDA:46,12,0,0
BRDA:46,12,1,0
BRDA:47,13,0,0
BRDA:47,13,1,0
BRDA:54,14,0,0
BRDA:58,15,0,0
BRDA:61,16,0,0
BRDA:61,17,0,0
BRDA:61,17,1,0
BRDA:66,18,0,0
BRDA:68,19,0,0
BRDA:71,20,0,0
BRDA:71,20,1,0
BRDA:72,21,0,0
BRDA:72,21,1,0
BRF:32
BRH:0
end_of_record
TN:
SF:app/api/admin/setup/route.ts
FN:5,POST
FNF:1
FNH:0
FNDA:0,POST
DA:1,0
DA:2,0
DA:5,0
DA:6,0
DA:7,0
DA:9,0
DA:10,0
DA:17,0
DA:18,0
DA:19,0
DA:26,0
DA:29,0
DA:30,0
DA:33,0
DA:34,0
LF:15
LH:0
BRDA:7,0,0,0
BRDA:9,1,0,0
BRDA:9,2,0,0
BRDA:9,2,1,0
BRDA:18,3,0,0
BRF:5
BRH:0
end_of_record
TN:
SF:app/api/admin/users/create/route.ts
FN:15,POST
FNF:1
FNH:0
FNDA:0,POST
DA:1,0
DA:2,0
DA:3,0
DA:4,0
DA:5,0
DA:6,0
DA:8,0
DA:15,0
DA:16,0
DA:18,0
DA:19,0
DA:20,0
DA:27,0
DA:28,0
DA:29,0
DA:32,0
DA:33,0
DA:40,0
DA:41,0
DA:42,0
DA:43,0
DA:52,0
DA:55,0
DA:61,0
DA:62,0
DA:69,0
DA:70,0
DA:84,0
DA:85,0
DA:86,0
DA:89,0
DA:101,0
DA:102,0
DA:103,0
DA:106,0
LF:35
LH:0
BRDA:18,0,0,0
BRDA:28,1,0,0
BRDA:32,2,0,0
BRDA:42,3,0,0
BRDA:61,4,0,0
BRDA:84,5,0,0
BRDA:102,6,0,0
BRDA:102,6,1,0
BRDA:103,7,0,0
BRDA:103,7,1,0
BRDA:104,8,0,0
BRDA:104,8,1,0
BRF:12
BRH:0
end_of_record
TN:
SF:app/api/admin/users/delete/route.ts
FN:6,DELETE
FNF:1
FNH:0
FNDA:0,DELETE
DA:1,0
DA:2,0
DA:3,0
DA:4,0
DA:6,0
DA:7,0
DA:8,0
DA:9,0
DA:11,0
DA:12,0
DA:13,0
DA:15,0
DA:16,0
DA:17,0
DA:18,0
DA:19,0
DA:20,0
DA:22,0
DA:23,0
DA:24,0
LF:20
LH:0
BRDA:8,0,0,0
BRDA:12,1,0,0
BRDA:17,2,0,0
BRDA:19,3,0,0
BRDA:22,4,0,0
BRDA:22,4,1,0
BRDA:23,5,0,0
BRDA:23,5,1,0
BRF:8
BRH:0
end_of_record
TN:
SF:app/api/admin/users/list/route.ts
FN:10,GET
FN:26,(anonymous_4)
FN:35,(anonymous_5)
FNF:3
FNH:0
FNDA:0,GET
FNDA:0,(anonymous_4)
FNDA:0,(anonymous_5)
DA:1,0
DA:2,0
DA:3,0
DA:6,0
DA:10,0
DA:11,0
DA:13,0
DA:14,0
DA:15,0
DA:16,0
DA:18,0
DA:20,0
DA:24,0
DA:26,0
DA:35,0
DA:36,0
DA:38,0
DA:39,0
LF:18
LH:0
BRDA:14,0,0,0
BRDA:14,0,1,0
BRDA:15,1,0,0
BRDA:15,2,0,0
BRDA:15,2,1,0
BRDA:24,3,0,0
BRDA:26,4,0,0
BRDA:26,4,1,0
BRDA:30,5,0,0
BRDA:30,5,1,0
BRDA:32,6,0,0
BRDA:32,6,1,0
BRDA:35,7,0,0
BRDA:35,7,1,0
BRF:14
BRH:0
end_of_record
TN:
SF:app/api/admin/users/update/route.ts
FN:15,PUT
FNF:1
FNH:0
FNDA:0,PUT
DA:1,0
DA:2,0
DA:3,0
DA:4,0
DA:5,0
DA:7,0
DA:15,0
DA:16,0
DA:17,0
DA:18,0
DA:20,0
DA:21,0
DA:22,0
DA:24,0
DA:25,0
DA:26,0
DA:27,0
DA:32,0
DA:33,0
DA:42,0
DA:43,0
DA:45,0
DA:46,0
DA:47,0
LF:24
LH:0
BRDA:17,0,0,0
BRDA:21,1,0,0
BRDA:26,2,0,0
BRDA:42,3,0,0
BRDA:45,4,0,0
BRDA:45,4,1,0
BRDA:46,5,0,0
BRDA:46,5,1,0
BRF:8
BRH:0
end_of_record
TN:
SF:app/api/blob/delete/route.ts
FN:5,POST
FNF:1
FNH:0
FNDA:0,POST
DA:1,0
DA:2,0
DA:3,0
DA:5,0
DA:6,0
DA:8,0
DA:10,0
DA:11,0
DA:13,0
DA:14,0
DA:18,0
DA:20,0
DA:25,0
DA:26,0
DA:27,0
LF:15
LH:0
BRDA:11,0,0,0
BRDA:11,0,1,0
BRDA:13,1,0,0
BRDA:25,2,0,0
BRDA:25,2,1,0
BRDA:26,3,0,0
BRDA:26,3,1,0
BRF:7
BRH:0
end_of_record
TN:
SF:app/api/blob/upload/route.ts
FN:4,POST
FNF:1
FNH:0
FNDA:0,POST
DA:1,0
DA:2,0
DA:4,0
DA:5,0
DA:9,0
DA:10,0
DA:12,0
DA:13,0
DA:20,0
DA:21,0
DA:28,0
DA:29,0
DA:30,0
DA:37,0
DA:39,0
DA:45,0
DA:47,0
DA:49,0
LF:18
LH:0
BRDA:12,0,0,0
BRDA:20,1,0,0
BRDA:29,2,0,0
BRDA:47,3,0,0
BRDA:47,3,1,0
BRF:5
BRH:0
end_of_record
TN:
SF:app/api/car/[id]/route.ts
FN:9,GET
FNF:1
FNH:0
FNDA:0,GET
DA:1,0
DA:2,0
DA:4,0
DA:5,0
DA:7,0
DA:9,0
DA:13,0
DA:14,0
DA:15,0
DA:16,0
DA:17,0
DA:18,0
DA:19,0
DA:20,0
DA:22,0
DA:23,0
DA:24,0
DA:28,0
DA:29,0
DA:30,0
DA:31,0
DA:32,0
DA:38,0
DA:41,0
DA:42,0
DA:48,0
DA:50,0
DA:51,0
DA:52,0
DA:53,0
DA:54,0
DA:56,0
DA:59,0
DA:60,0
DA:61,0
DA:64,0
DA:67,0
DA:68,0
DA:69,0
DA:72,0
DA:73,0
DA:75,0
DA:76,0
LF:43
LH:0
BRDA:16,0,0,0
BRDA:16,0,1,0
BRDA:17,1,0,0
BRDA:17,1,1,0
BRDA:17,2,0,0
BRDA:17,2,1,0
BRDA:18,3,0,0
BRDA:18,3,1,0
BRDA:18,4,0,0
BRDA:18,4,1,0
BRDA:19,5,0,0
BRDA:19,5,1,0
BRDA:19,6,0,0
BRDA:19,6,1,0
BRDA:20,7,0,0
BRDA:20,7,1,0
BRDA:20,8,0,0
BRDA:20,8,1,0
BRDA:22,9,0,0
BRDA:28,10,0,0
BRDA:28,11,0,0
BRDA:28,11,1,0
BRDA:30,12,0,0
BRDA:30,12,1,0
BRDA:31,13,0,0
BRDA:31,13,1,0
BRDA:50,14,0,0
BRDA:52,15,0,0
BRDA:59,16,0,0
BRDA:67,17,0,0
BRF:30
BRH:0
end_of_record
TN:
SF:app/api/cars/route.ts
FN:9,GET
FNF:1
FNH:0
FNDA:0,GET
DA:1,0
DA:2,0
DA:4,0
DA:5,0
DA:7,0
DA:9,0
DA:10,0
DA:11,0
DA:12,0
DA:13,0
DA:16,0
DA:17,0
DA:18,0
DA:24,0
DA:27,0
DA:32,0
DA:34,0
DA:35,0
DA:36,0
DA:39,0
DA:40,0
DA:41,0
DA:44,0
DA:45,0
DA:47,0
DA:48,0
LF:26
LH:0
BRDA:12,0,0,0
BRDA:12,0,1,0
BRDA:13,1,0,0
BRDA:13,1,1,0
BRDA:13,2,0,0
BRDA:13,2,1,0
BRDA:16,3,0,0
BRDA:16,4,0,0
BRDA:16,4,1,0
BRDA:32,5,0,0
BRDA:32,5,1,0
BRDA:34,6,0,0
BRDA:39,7,0,0
BRF:13
BRH:0
end_of_record
TN:
SF:app/api/contact/route.ts
FN:23,detectSpam
FN:38,(anonymous_6)
FN:42,sanitizeInput
FN:51,POST
FN:148,GET
FN:152,PUT
FN:156,DELETE
FNF:7
FNH:0
FNDA:0,detectSpam
FNDA:0,(anonymous_6)
FNDA:0,sanitizeInput
FNDA:0,POST
FNDA:0,GET
FNDA:0,PUT
FNDA:0,DELETE
DA:1,0
DA:2,0
DA:3,0
DA:4,0
DA:5,0
DA:9,0
DA:20,0
DA:24,0
DA:36,0
DA:38,0
DA:51,0
DA:52,0
DA:53,0
DA:54,0
DA:55,0
DA:58,0
DA:61,0
DA:62,0
DA:63,0
DA:64,0
DA:65,0
DA:71,0
DA:72,0
DA:73,0
DA:79,0
DA:84,0
DA:95,0
DA:96,0
DA:97,0
DA:104,0
DA:113,0
DA:114,0
DA:123,0
DA:125,0
DA:126,0
DA:132,0
DA:138,0
DA:140,0
DA:148,0
DA:149,0
DA:152,0
DA:153,0
DA:156,0
DA:157,0
LF:44
LH:0
BRDA:54,0,0,0
BRDA:55,1,0,0
BRDA:55,1,1,0
BRDA:55,1,2,0
BRDA:58,2,0,0
BRDA:58,2,1,0
BRDA:58,2,2,0
BRDA:62,3,0,0
BRDA:62,3,1,0
BRDA:62,3,2,0
BRDA:64,4,0,0
BRDA:64,5,0,0
BRDA:64,5,1,0
BRDA:72,6,0,0
BRDA:90,7,0,0
BRDA:90,7,1,0
BRDA:95,8,0,0
BRDA:107,9,0,0
BRDA:107,9,1,0
BRDA:120,10,0,0
BRDA:120,10,1,0
BRDA:123,11,0,0
BRF:22
BRH:0
end_of_record
TN:
SF:app/api/csp-report/route.ts
FN:3,POST
FN:5,(anonymous_2)
FNF:2
FNH:0
FNDA:0,POST
FNDA:0,(anonymous_2)
DA:1,0
DA:3,0
DA:4,0
DA:5,0
DA:8,0
DA:9,0
DA:22,0
DA:29,0
DA:35,0
DA:36,0
LF:10
LH:0
BRDA:8,0,0,0
BRDA:8,0,1,0
BRF:2
BRH:0
end_of_record
TN:
SF:app/api/csrf-debug/route.ts
FN:7,GET
FN:38,POST
FNF:2
FNH:0
FNDA:0,GET
FNDA:0,POST
DA:1,0
DA:2,0
DA:4,0
DA:5,0
DA:7,0
DA:8,0
DA:10,0
DA:13,0
DA:20,0
DA:28,0
DA:30,0
DA:31,0
DA:38,0
DA:39,0
DA:40,0
DA:41,0
DA:42,0
DA:43,0
DA:50,0
LF:19
LH:0
BRDA:40,0,0,0
BRDA:40,0,1,0
BRDA:41,1,0,0
BRDA:41,1,1,0
BRDA:47,2,0,0
BRDA:47,2,1,0
BRDA:47,2,2,0
BRF:7
BRH:0
end_of_record
TN:
SF:app/api/debug/route.ts
FN:3,POST
FN:21,GET
FNF:2
FNH:0
FNDA:0,POST
FNDA:0,GET
DA:1,0
DA:3,0
DA:4,0
DA:5,0
DA:8,0
DA:11,0
DA:13,0
DA:14,0
DA:21,0
DA:22,0
LF:10
LH:0
BRF:0
BRH:0
end_of_record
TN:
SF:app/api/debug-env/route.ts
FN:3,GET
FNF:1
FNH:0
FNDA:0,GET
DA:1,0
DA:3,0
DA:4,0
LF:3
LH:0
BRDA:5,0,0,0
BRDA:5,0,1,0
BRDA:6,1,0,0
BRDA:6,1,1,0
BRDA:6,2,0,0
BRDA:6,2,1,0
BRDA:7,3,0,0
BRDA:7,3,1,0
BRDA:7,4,0,0
BRDA:7,4,1,0
BRDA:8,5,0,0
BRDA:8,5,1,0
BRDA:8,6,0,0
BRDA:8,6,1,0
BRDA:9,7,0,0
BRDA:9,7,1,0
BRDA:9,8,0,0
BRDA:9,8,1,0
BRDA:10,9,0,0
BRDA:10,9,1,0
BRDA:10,10,0,0
BRDA:10,10,1,0
BRF:22
BRH:0
end_of_record
TN:
SF:app/api/health/redis/route.ts
FN:3,GET
FN:24,(anonymous_2)
FNF:2
FNH:0
FNDA:0,GET
FNDA:0,(anonymous_2)
DA:1,0
DA:3,0
DA:4,0
DA:5,0
DA:6,0
DA:8,0
DA:10,0
DA:11,0
DA:13,0
DA:15,0
DA:16,0
DA:17,0
DA:18,0
DA:19,0
DA:24,0
DA:25,0
DA:26,0
DA:28,0
DA:29,0
DA:33,0
DA:34,0
DA:38,0
DA:39,0
DA:41,0
LF:24
LH:0
BRDA:4,0,0,0
BRDA:4,0,1,0
BRDA:10,1,0,0
BRDA:10,1,1,0
BRDA:17,2,0,0
BRDA:17,2,1,0
BRDA:17,3,0,0
BRDA:17,3,1,0
BRDA:25,4,0,0
BRDA:25,4,1,0
BRDA:26,5,0,0
BRDA:26,5,1,0
BRDA:28,6,0,0
BRDA:28,6,1,0
BRDA:39,7,0,0
BRDA:39,7,1,0
BRDA:47,8,0,0
BRDA:47,8,1,0
BRDA:48,9,0,0
BRDA:48,9,1,0
BRF:20
BRH:0
end_of_record
TN:
SF:app/api/performance/route.ts
FN:21,POST
FN:46,(anonymous_7)
FN:89,GET
FN:93,(anonymous_9)
FN:111,(anonymous_10)
FNF:5
FNH:0
FNDA:0,POST
FNDA:0,(anonymous_7)
FNDA:0,GET
FNDA:0,(anonymous_9)
FNDA:0,(anonymous_10)
DA:1,0
DA:21,0
DA:22,0
DA:23,0
DA:26,0
DA:27,0
DA:34,0
DA:44,0
DA:45,0
DA:46,0
DA:47,0
DA:52,0
DA:70,0
DA:71,0
DA:74,0
DA:79,0
DA:81,0
DA:82,0
DA:89,0
DA:91,0
DA:92,0
DA:93,0
DA:94,0
DA:100,0
DA:106,0
DA:107,0
DA:111,0
DA:112,0
DA:113,0
DA:114,0
DA:115,0
DA:116,0
DA:117,0
DA:118,0
DA:121,0
DA:122,0
DA:123,0
DA:124,0
DA:125,0
DA:126,0
DA:129,0
DA:136,0
DA:138,0
DA:139,0
LF:44
LH:0
BRDA:26,0,0,0
BRDA:26,1,0,0
BRDA:26,1,1,0
BRDA:40,2,0,0
BRDA:40,2,1,0
BRDA:44,3,0,0
BRDA:44,4,0,0
BRDA:44,4,1,0
BRDA:70,5,0,0
BRDA:92,6,0,0
BRDA:92,7,0,0
BRDA:92,7,1,0
BRDA:106,8,0,0
BRDA:112,9,0,0
BRDA:113,10,0,0
BRDA:114,11,0,0
BRDA:115,12,0,0
BRDA:116,13,0,0
BRDA:121,14,0,0
BRF:19
BRH:0
end_of_record
TN:
SF:app/api/reviews/route.ts
FN:15,POST
FN:59,GET
FNF:2
FNH:0
FNDA:0,POST
FNDA:0,GET
DA:1,0
DA:2,0
DA:3,0
DA:4,0
DA:6,0
DA:8,0
DA:15,0
DA:16,0
DA:17,0
DA:18,0
DA:20,0
DA:21,0
DA:22,0
DA:23,0
DA:29,0
DA:31,0
DA:43,0
DA:44,0
DA:50,0
DA:52,0
DA:59,0
DA:60,0
DA:61,0
DA:62,0
DA:64,0
DA:65,0
DA:66,0
DA:68,0
DA:70,0
DA:71,0
DA:77,0
DA:79,0
LF:32
LH:0
BRDA:18,0,0,0
BRDA:22,1,0,0
BRDA:43,2,0,0
BRDA:65,3,0,0
BRDA:70,4,0,0
BRDA:77,5,0,0
BRDA:77,5,1,0
BRF:7
BRH:0
end_of_record
TN:
SF:app/api/send-verification-email/route.ts
FN:16,POST
FN:77,sendEmail
FN:100,sendWithResend
FN:140,sendWithSendGrid
FN:182,sendWithNodemailer
FN:195,sendToConsole
FN:219,generateEmailHTML
FN:260,generateEmailText
FN:276,GET
FN:280,PUT
FN:284,DELETE
FNF:11
FNH:0
FNDA:0,POST
FNDA:0,sendEmail
FNDA:0,sendWithResend
FNDA:0,sendWithSendGrid
FNDA:0,sendWithNodemailer
FNDA:0,sendToConsole
FNDA:0,generateEmailHTML
FNDA:0,generateEmailText
FNDA:0,GET
FNDA:0,PUT
FNDA:0,DELETE
DA:1,0
DA:2,0
DA:5,0
DA:12,0
DA:13,0
DA:14,0
DA:16,0
DA:17,0
DA:19,0
DA:20,0
DA:21,0
DA:24,0
DA:25,0
DA:28,0
DA:29,0
DA:35,0
DA:37,0
DA:38,0
DA:39,0
DA:45,0
DA:48,0
DA:49,0
DA:50,0
DA:53,0
DA:55,0
DA:56,0
DA:61,0
DA:68,0
DA:69,0
DA:78,0
DA:80,0
DA:82,0
DA:84,0
DA:86,0
DA:88,0
DA:91,0
DA:94,0
DA:95,0
DA:101,0
DA:102,0
DA:103,0
DA:104,0
DA:105,0
DA:108,0
DA:123,0
DA:124,0
DA:125,0
DA:127,0
DA:130,0
DA:131,0
DA:132,0
DA:134,0
DA:135,0
DA:141,0
DA:142,0
DA:143,0
DA:144,0
DA:145,0
DA:148,0
DA:165,0
DA:166,0
DA:167,0
DA:169,0
DA:172,0
DA:173,0
DA:174,0
DA:176,0
DA:177,0
DA:183,0
DA:186,0
DA:187,0
DA:189,0
DA:190,0
DA:196,0
DA:209,0
DA:210,0
DA:211,0
DA:212,0
DA:215,0
DA:220,0
DA:261,0
DA:276,0
DA:277,0
DA:280,0
DA:281,0
DA:284,0
DA:285,0
LF:87
LH:0
BRDA:19,0,0,0
BRDA:19,0,1,0
BRDA:19,0,2,0
BRDA:21,1,0,0
BRDA:21,1,1,0
BRDA:24,2,0,0
BRDA:28,3,0,0
BRDA:38,4,0,0
BRDA:55,5,0,0
BRDA:55,5,1,0
BRDA:80,6,0,0
BRDA:80,6,1,0
BRDA:82,7,0,0
BRDA:82,7,1,0
BRDA:82,7,2,0
BRDA:82,7,3,0
BRDA:103,8,0,0
BRDA:115,9,0,0
BRDA:115,9,1,0
BRDA:117,10,0,0
BRDA:117,10,1,0
BRDA:123,11,0,0
BRDA:124,12,0,0
BRDA:143,13,0,0
BRDA:156,14,0,0
BRDA:156,14,1,0
BRDA:157,15,0,0
BRDA:157,15,1,0
BRDA:165,16,0,0
BRDA:166,17,0,0
BRDA:197,18,0,0
BRDA:197,18,1,0
BRDA:209,19,0,0
BRDA:226,20,0,0
BRDA:226,20,1,0
BRDA:240,21,0,0
BRDA:240,21,1,0
BRDA:262,22,0,0
BRDA:262,22,1,0
BRF:39
BRH:0
end_of_record
TN:
SF:app/api/sitemap-submit/route.ts
FN:4,POST
FN:22,(anonymous_4)
FN:30,(anonymous_5)
FN:31,(anonymous_6)
FN:71,GET
FNF:5
FNH:0
FNDA:0,POST
FNDA:0,(anonymous_4)
FNDA:0,(anonymous_5)
FNDA:0,(anonymous_6)
FNDA:0,GET
DA:1,0
DA:2,0
DA:4,0
DA:5,0
DA:7,0
DA:10,0
DA:11,0
DA:15,0
DA:16,0
DA:17,0
DA:20,0
DA:22,0
DA:23,0
DA:26,0
DA:29,0
DA:30,0
DA:31,0
DA:37,0
DA:55,0
DA:57,0
DA:71,0
DA:72,0
DA:74,0
DA:77,0
DA:79,0
DA:93,0
DA:95,0
LF:27
LH:0
BRDA:10,0,0,0
BRDA:32,1,0,0
BRDA:32,1,1,0
BRDA:39,2,0,0
BRDA:39,2,1,0
BRDA:46,3,0,0
BRDA:46,3,1,0
BRDA:60,4,0,0
BRDA:60,4,1,0
BRDA:86,5,0,0
BRDA:86,5,1,0
BRDA:98,6,0,0
BRDA:98,6,1,0
BRF:13
BRH:0
end_of_record
TN:
SF:app/api/test-car-update/route.ts
FN:4,POST
FNF:1
FNH:0
FNDA:0,POST
DA:1,0
DA:2,0
DA:4,0
DA:5,0
DA:6,0
DA:9,0
DA:25,0
DA:28,0
DA:33,0
DA:34,0
DA:35,0
DA:44,0
DA:45,0
DA:51,0
DA:52,0
DA:55,0
DA:64,0
DA:65,0
DA:66,0
DA:75,0
DA:77,0
DA:85,0
DA:86,0
LF:23
LH:0
BRDA:33,0,0,0
BRDA:44,1,0,0
BRDA:44,2,0,0
BRDA:44,2,1,0
BRDA:64,3,0,0
BRDA:89,4,0,0
BRDA:89,4,1,0
BRF:7
BRH:0
end_of_record
TN:
SF:app/api/test-db/route.ts
FN:4,GET
FNF:1
FNH:0
FNDA:0,GET
DA:1,0
DA:2,0
DA:4,0
DA:5,0
DA:6,0
DA:9,0
DA:14,0
DA:15,0
DA:16,0
DA:25,0
DA:28,0
DA:32,0
DA:33,0
DA:34,0
DA:43,0
DA:45,0
DA:55,0
DA:56,0
LF:18
LH:0
BRDA:14,0,0,0
BRDA:32,1,0,0
BRDA:43,2,0,0
BRDA:43,2,1,0
BRDA:50,3,0,0
BRDA:50,3,1,0
BRDA:59,4,0,0
BRDA:59,4,1,0
BRF:8
BRH:0
end_of_record
TN:
SF:app/browse/page.tsx
FN:20,(anonymous_7)
FN:22,(anonymous_8)
FN:22,(anonymous_9)
FN:25,BrowsePage
FN:32,(anonymous_11)
FN:33,(anonymous_12)
FN:60,(anonymous_13)
FN:64,(anonymous_14)
FN:66,(anonymous_15)
FN:68,(anonymous_16)
FN:70,(anonymous_17)
FN:72,(anonymous_18)
FN:74,(anonymous_19)
FN:94,(anonymous_20)
FN:114,(anonymous_21)
FN:121,(anonymous_22)
FN:140,(anonymous_23)
FNF:17
FNH:0
FNDA:0,(anonymous_7)
FNDA:0,(anonymous_8)
FNDA:0,(anonymous_9)
FNDA:0,BrowsePage
FNDA:0,(anonymous_11)
FNDA:0,(anonymous_12)
FNDA:0,(anonymous_13)
FNDA:0,(anonymous_14)
FNDA:0,(anonymous_15)
FNDA:0,(anonymous_16)
FNDA:0,(anonymous_17)
FNDA:0,(anonymous_18)
FNDA:0,(anonymous_19)
FNDA:0,(anonymous_20)
FNDA:0,(anonymous_21)
FNDA:0,(anonymous_22)
FNDA:0,(anonymous_23)
DA:4,0
DA:6,0
DA:9,0
DA:10,0
DA:11,0
DA:15,0
DA:16,0
DA:17,0
DA:20,0
DA:21,0
DA:22,0
DA:25,0
DA:26,0
DA:27,0
DA:28,0
DA:29,0
DA:30,0
DA:32,0
DA:33,0
DA:34,0
DA:35,0
DA:36,0
DA:37,0
DA:38,0
DA:39,0
DA:42,0
DA:47,0
DA:48,0
DA:50,0
DA:51,0
DA:52,0
DA:54,0
DA:57,0
DA:60,0
DA:61,0
DA:62,0
DA:64,0
DA:66,0
DA:68,0
DA:70,0
DA:72,0
DA:74,0
DA:76,0
DA:80,0
DA:94,0
DA:121,0
DA:141,0
LF:47
LH:0
BRDA:21,0,0,0
BRDA:36,1,0,0
BRDA:47,2,0,0
BRDA:48,3,0,0
BRDA:48,3,1,0
BRDA:50,4,0,0
BRDA:50,4,1,0
BRDA:51,5,0,0
BRDA:62,6,0,0
BRDA:62,6,1,0
BRDA:62,6,2,0
BRDA:62,6,3,0
BRDA:62,6,4,0
BRDA:62,6,5,0
BRDA:62,6,6,0
BRDA:97,7,0,0
BRDA:97,7,1,0
BRDA:135,8,0,0
BRDA:137,9,0,0
BRDA:139,10,0,0
BRF:20
BRH:0
end_of_record
TN:
SF:app/car/[id]/page.tsx
FN:15,CarPage
FNF:1
FNH:0
FNDA:0,CarPage
DA:3,0
DA:6,0
DA:7,0
DA:15,0
LF:4
LH:0
BRF:0
BRH:0
end_of_record
TN:
SF:app/contact/page.tsx
FN:9,ContactPage
FNF:1
FNH:0
FNDA:0,ContactPage
DA:5,0
DA:6,0
DA:7,0
DA:9,0
DA:10,0
LF:5
LH:0
BRF:0
BRH:0
end_of_record
TN:
SF:app/debug-connections/page.tsx
FN:16,DebugConnectionsPage
FN:22,(anonymous_2)
FN:32,(anonymous_3)
FN:35,(anonymous_4)
FN:41,(anonymous_5)
FN:47,(anonymous_6)
FN:50,(anonymous_7)
FN:56,(anonymous_8)
FN:62,(anonymous_9)
FN:64,(anonymous_10)
FN:74,(anonymous_11)
FN:75,(anonymous_12)
FN:85,(anonymous_13)
FN:86,(anonymous_14)
FN:95,(anonymous_15)
FN:104,(anonymous_16)
FN:111,(anonymous_17)
FN:115,(anonymous_18)
FN:121,(anonymous_19)
FN:132,(anonymous_20)
FN:202,(anonymous_21)
FNF:21
FNH:0
FNDA:0,DebugConnectionsPage
FNDA:0,(anonymous_2)
FNDA:0,(anonymous_3)
FNDA:0,(anonymous_4)
FNDA:0,(anonymous_5)
FNDA:0,(anonymous_6)
FNDA:0,(anonymous_7)
FNDA:0,(anonymous_8)
FNDA:0,(anonymous_9)
FNDA:0,(anonymous_10)
FNDA:0,(anonymous_11)
FNDA:0,(anonymous_12)
FNDA:0,(anonymous_13)
FNDA:0,(anonymous_14)
FNDA:0,(anonymous_15)
FNDA:0,(anonymous_16)
FNDA:0,(anonymous_17)
FNDA:0,(anonymous_18)
FNDA:0,(anonymous_19)
FNDA:0,(anonymous_20)
FNDA:0,(anonymous_21)
DA:3,0
DA:4,0
DA:5,0
DA:6,0
DA:7,0
DA:16,0
DA:17,0
DA:18,0
DA:19,0
DA:20,0
DA:22,0
DA:23,0
DA:25,0
DA:26,0
DA:27,0
DA:28,0
DA:29,0
DA:32,0
DA:33,0
DA:34,0
DA:35,0
DA:41,0
DA:43,0
DA:47,0
DA:48,0
DA:49,0
DA:50,0
DA:56,0
DA:58,0
DA:62,0
DA:63,0
DA:64,0
DA:70,0
DA:74,0
DA:75,0
DA:81,0
DA:85,0
DA:86,0
DA:92,0
DA:95,0
DA:96,0
DA:97,0
DA:98,0
DA:99,0
DA:100,0
DA:104,0
DA:105,0
DA:106,0
DA:107,0
DA:108,0
DA:111,0
DA:112,0
DA:115,0
DA:116,0
DA:117,0
DA:118,0
DA:121,0
DA:122,0
DA:123,0
DA:124,0
DA:125,0
DA:126,0
DA:127,0
DA:128,0
DA:132,0
DA:133,0
DA:203,0
LF:67
LH:0
BRDA:23,0,0,0
BRDA:34,1,0,0
BRDA:34,2,0,0
BRDA:34,2,1,0
BRDA:49,3,0,0
BRDA:49,4,0,0
BRDA:49,4,1,0
BRDA:49,4,2,0
BRDA:122,5,0,0
BRDA:122,5,1,0
BRDA:122,5,2,0
BRDA:122,5,3,0
BRDA:122,5,4,0
BRDA:122,5,5,0
BRDA:153,6,0,0
BRDA:153,6,1,0
BRDA:154,7,0,0
BRDA:154,7,1,0
BRDA:197,8,0,0
BRDA:198,9,0,0
BRDA:198,9,1,0
BRDA:214,10,0,0
BRF:22
BRH:0
end_of_record
TN:
SF:app/faq/page.tsx
FN:43,FAQPage
FN:49,(anonymous_3)
FNF:2
FNH:0
FNDA:0,FAQPage
FNDA:0,(anonymous_3)
DA:1,0
DA:4,0
DA:43,0
DA:50,0
LF:4
LH:0
BRF:0
BRH:0
end_of_record
TN:
SF:app/inventory/page.tsx
FN:14,(anonymous_7)
FN:18,(anonymous_8)
FN:18,(anonymous_9)
FN:22,InventoryLoading
FN:29,(anonymous_11)
FN:39,InventoryPage
FN:63,(anonymous_13)
FN:68,(anonymous_14)
FN:72,(anonymous_15)
FN:82,(anonymous_16)
FN:92,(anonymous_17)
FN:98,(anonymous_18)
FN:101,fetchCars
FN:133,(anonymous_20)
FN:167,(anonymous_21)
FN:191,(anonymous_22)
FNF:16
FNH:0
FNDA:0,(anonymous_7)
FNDA:0,(anonymous_8)
FNDA:0,(anonymous_9)
FNDA:0,InventoryLoading
FNDA:0,(anonymous_11)
FNDA:0,InventoryPage
FNDA:0,(anonymous_13)
FNDA:0,(anonymous_14)
FNDA:0,(anonymous_15)
FNDA:0,(anonymous_16)
FNDA:0,(anonymous_17)
FNDA:0,(anonymous_18)
FNDA:0,fetchCars
FNDA:0,(anonymous_20)
FNDA:0,(anonymous_21)
FNDA:0,(anonymous_22)
DA:3,0
DA:5,0
DA:6,0
DA:7,0
DA:8,0
DA:10,0
DA:11,0
DA:12,0
DA:14,0
DA:16,0
DA:18,0
DA:30,0
DA:39,0
DA:40,0
DA:41,0
DA:42,0
DA:43,0
DA:44,0
DA:45,0
DA:63,0
DA:64,0
DA:65,0
DA:66,0
DA:68,0
DA:69,0
DA:72,0
DA:73,0
DA:74,0
DA:77,0
DA:78,0
DA:79,0
DA:82,0
DA:83,0
DA:84,0
DA:89,0
DA:90,0
DA:92,0
DA:93,0
DA:94,0
DA:98,0
DA:99,0
DA:102,0
DA:103,0
DA:104,0
DA:106,0
DA:107,0
DA:108,0
DA:109,0
DA:110,0
DA:112,0
DA:115,0
DA:123,0
DA:124,0
DA:125,0
DA:126,0
DA:127,0
DA:129,0
DA:132,0
DA:133,0
DA:153,0
DA:154,0
DA:157,0
DA:158,0
DA:159,0
DA:160,0
DA:165,0
DA:167,0
DA:168,0
DA:172,0
DA:173,0
DA:191,0
LF:71
LH:0
BRDA:16,0,0,0
BRDA:77,1,0,0
BRDA:77,2,0,0
BRDA:77,2,1,0
BRDA:77,2,2,0
BRDA:107,3,0,0
BRDA:108,4,0,0
BRDA:123,5,0,0
BRDA:125,6,0,0
BRDA:132,7,0,0
BRDA:133,8,0,0
BRDA:133,8,1,0
BRDA:135,9,0,0
BRDA:135,9,1,0
BRDA:142,10,0,0
BRDA:142,10,1,0
BRDA:146,11,0,0
BRDA:146,11,1,0
BRDA:147,12,0,0
BRDA:147,12,1,0
BRDA:148,13,0,0
BRDA:148,13,1,0
BRDA:148,14,0,0
BRDA:148,14,1,0
BRDA:149,15,0,0
BRDA:149,15,1,0
BRDA:150,16,0,0
BRDA:150,16,1,0
BRDA:158,17,0,0
BRDA:172,18,0,0
BRDA:196,19,0,0
BRDA:196,19,1,0
BRDA:216,20,0,0
BRDA:218,21,0,0
BRDA:243,22,0,0
BRDA:248,23,0,0
BRDA:253,24,0,0
BRDA:258,25,0,0
BRF:38
BRH:0
end_of_record
TN:
SF:app/listings/page.tsx
FN:18,(anonymous_7)
FN:20,(anonymous_8)
FN:20,(anonymous_9)
FN:23,ListingsPage
FN:40,(anonymous_11)
FN:44,(anonymous_12)
FN:48,(anonymous_13)
FN:61,(anonymous_14)
FN:67,(anonymous_15)
FN:68,fetchCars
FN:103,(anonymous_17)
FN:170,(anonymous_18)
FN:197,(anonymous_19)
FN:235,(anonymous_20)
FN:239,(anonymous_21)
FN:239,(anonymous_22)
FNF:16
FNH:0
FNDA:0,(anonymous_7)
FNDA:0,(anonymous_8)
FNDA:0,(anonymous_9)
FNDA:0,ListingsPage
FNDA:0,(anonymous_11)
FNDA:0,(anonymous_12)
FNDA:0,(anonymous_13)
FNDA:0,(anonymous_14)
FNDA:0,(anonymous_15)
FNDA:0,fetchCars
FNDA:0,(anonymous_17)
FNDA:0,(anonymous_18)
FNDA:0,(anonymous_19)
FNDA:0,(anonymous_20)
FNDA:0,(anonymous_21)
FNDA:0,(anonymous_22)
DA:3,0
DA:5,0
DA:8,0
DA:9,0
DA:10,0
DA:11,0
DA:13,0
DA:14,0
DA:18,0
DA:19,0
DA:20,0
DA:23,0
DA:24,0
DA:25,0
DA:26,0
DA:27,0
DA:28,0
DA:29,0
DA:40,0
DA:41,0
DA:42,0
DA:44,0
DA:45,0
DA:48,0
DA:49,0
DA:50,0
DA:52,0
DA:53,0
DA:54,0
DA:58,0
DA:59,0
DA:61,0
DA:62,0
DA:63,0
DA:67,0
DA:69,0
DA:70,0
DA:72,0
DA:73,0
DA:74,0
DA:75,0
DA:76,0
DA:79,0
DA:102,0
DA:103,0
DA:123,0
DA:126,0
DA:127,0
DA:129,0
DA:132,0
DA:134,0
DA:135,0
DA:137,0
DA:141,0
DA:144,0
DA:170,0
DA:197,0
DA:236,0
DA:239,0
LF:59
LH:0
BRDA:19,0,0,0
BRDA:52,1,0,0
BRDA:52,2,0,0
BRDA:52,2,1,0
BRDA:70,3,0,0
BRDA:73,4,0,0
BRDA:102,5,0,0
BRDA:102,5,1,0
BRDA:102,6,0,0
BRDA:102,6,1,0
BRDA:116,7,0,0
BRDA:116,7,1,0
BRDA:123,8,0,0
BRDA:126,9,0,0
BRDA:126,9,1,0
BRDA:127,10,0,0
BRDA:129,11,0,0
BRDA:144,12,0,0
BRDA:173,13,0,0
BRDA:173,13,1,0
BRDA:182,14,0,0
BRDA:190,15,0,0
BRDA:206,16,0,0
BRDA:219,17,0,0
BRDA:220,18,0,0
BRDA:220,18,1,0
BRDA:221,19,0,0
BRDA:221,19,1,0
BRDA:222,20,0,0
BRDA:222,20,1,0
BRDA:223,21,0,0
BRDA:223,21,1,0
BRDA:224,22,0,0
BRDA:224,22,1,0
BRDA:225,23,0,0
BRDA:225,23,1,0
BRDA:229,24,0,0
BRDA:229,24,1,0
BRDA:230,25,0,0
BRDA:230,25,1,0
BRDA:231,26,0,0
BRDA:231,26,1,0
BRDA:232,27,0,0
BRDA:232,27,1,0
BRDA:233,28,0,0
BRDA:233,28,1,0
BRDA:234,29,0,0
BRDA:234,29,1,0
BRDA:239,30,0,0
BRDA:239,30,1,0
BRF:50
BRH:0
end_of_record
TN:
SF:app/privacy/page.tsx
FN:7,PrivacyPage
FNF:1
FNH:0
FNDA:0,PrivacyPage
DA:1,0
DA:5,0
DA:7,0
LF:3
LH:0
BRF:0
BRH:0
end_of_record
TN:
SF:app/security/page.tsx
FN:10,SecurityPage
FNF:1
FNH:0
FNDA:0,SecurityPage
DA:2,0
DA:3,0
DA:5,0
DA:10,0
LF:4
LH:0
BRF:0
BRH:0
end_of_record
TN:
SF:app/terms/page.tsx
FN:7,TermsPage
FNF:1
FNH:0
FNDA:0,TermsPage
DA:1,0
DA:5,0
DA:7,0
LF:3
LH:0
BRF:0
BRH:0
end_of_record
TN:
SF:app/test-admin/page.tsx
FN:12,TestAdminPage
FN:18,(anonymous_2)
FN:19,(anonymous_3)
FN:29,(anonymous_4)
FN:77,(anonymous_5)
FN:91,(anonymous_6)
FN:119,(anonymous_7)
FN:128,(anonymous_8)
FN:152,(anonymous_9)
FN:162,(anonymous_10)
FN:190,(anonymous_11)
FN:197,(anonymous_12)
FN:204,(anonymous_13)
FN:224,(anonymous_14)
FNF:14
FNH:0
FNDA:0,TestAdminPage
FNDA:0,(anonymous_2)
FNDA:0,(anonymous_3)
FNDA:0,(anonymous_4)
FNDA:0,(anonymous_5)
FNDA:0,(anonymous_6)
FNDA:0,(anonymous_7)
FNDA:0,(anonymous_8)
FNDA:0,(anonymous_9)
FNDA:0,(anonymous_10)
FNDA:0,(anonymous_11)
FNDA:0,(anonymous_12)
FNDA:0,(anonymous_13)
FNDA:0,(anonymous_14)
DA:3,0
DA:4,0
DA:5,0
DA:6,0
DA:7,0
DA:8,0
DA:10,0
DA:12,0
DA:13,0
DA:14,0
DA:15,0
DA:16,0
DA:18,0
DA:19,0
DA:29,0
DA:30,0
DA:31,0
DA:34,0
DA:37,0
DA:38,0
DA:39,0
DA:40,0
DA:42,0
DA:45,0
DA:49,0
DA:50,0
DA:54,0
DA:55,0
DA:56,0
DA:58,0
DA:61,0
DA:65,0
DA:66,0
DA:73,0
DA:74,0
DA:75,0
DA:77,0
DA:78,0
DA:81,0
DA:85,0
DA:86,0
DA:87,0
DA:89,0
DA:91,0
DA:94,0
DA:99,0
DA:100,0
DA:104,0
DA:105,0
DA:106,0
DA:107,0
DA:108,0
DA:110,0
DA:113,0
DA:116,0
DA:119,0
DA:120,0
DA:128,0
DA:129,0
DA:130,0
DA:131,0
DA:132,0
DA:133,0
DA:152,0
DA:162,0
DA:190,0
DA:197,0
DA:205,0
DA:206,0
DA:207,0
DA:225,0
LF:71
LH:0
BRDA:39,0,0,0
BRDA:39,0,1,0
BRDA:54,1,0,0
BRDA:54,1,1,0
BRDA:73,2,0,0
BRDA:73,2,1,0
BRDA:89,3,0,0
BRDA:89,3,1,0
BRDA:90,4,0,0
BRDA:90,4,1,0
BRDA:94,5,0,0
BRDA:94,5,1,0
BRDA:95,6,0,0
BRDA:95,6,1,0
BRDA:104,7,0,0
BRDA:104,7,1,0
BRDA:107,8,0,0
BRDA:107,8,1,0
BRDA:129,9,0,0
BRDA:129,9,1,0
BRDA:129,9,2,0
BRDA:129,9,3,0
BRDA:171,10,0,0
BRDA:171,10,1,0
BRDA:217,11,0,0
BRDA:229,12,0,0
BRDA:229,12,1,0
BRDA:229,13,0,0
BRDA:229,13,1,0
BRDA:237,14,0,0
BRF:30
BRH:0
end_of_record
TN:
SF:app/test-analytics/page.tsx
FN:8,TestAnalyticsPage
FN:13,(anonymous_2)
FN:15,(anonymous_3)
FN:37,(anonymous_4)
FN:40,(anonymous_5)
FN:52,(anonymous_6)
FNF:6
FNH:0
FNDA:0,TestAnalyticsPage
FNDA:0,(anonymous_2)
FNDA:0,(anonymous_3)
FNDA:0,(anonymous_4)
FNDA:0,(anonymous_5)
FNDA:0,(anonymous_6)
DA:3,0
DA:4,0
DA:5,0
DA:6,0
DA:8,0
DA:9,0
DA:10,0
DA:11,0
DA:13,0
DA:15,0
DA:16,0
DA:18,0
DA:19,0
DA:21,0
DA:25,0
DA:26,0
DA:28,0
DA:34,0
DA:35,0
DA:37,0
DA:40,0
DA:41,0
DA:42,0
DA:46,0
DA:48,0
DA:52,0
DA:53,0
DA:54,0
DA:59,0
DA:61,0
LF:30
LH:0
BRDA:16,0,0,0
BRDA:18,1,0,0
BRDA:18,1,1,0
BRDA:25,2,0,0
BRDA:25,2,1,0
BRDA:25,3,0,0
BRDA:25,3,1,0
BRDA:41,4,0,0
BRDA:41,4,1,0
BRDA:53,5,0,0
BRDA:53,5,1,0
BRDA:78,6,0,0
BRDA:78,6,1,0
BRDA:78,7,0,0
BRDA:78,7,1,0
BRDA:128,8,0,0
BRDA:128,8,1,0
BRDA:129,9,0,0
BRDA:129,9,1,0
BRDA:129,10,0,0
BRDA:129,10,1,0
BRDA:130,11,0,0
BRDA:130,11,1,0
BRDA:130,12,0,0
BRDA:130,12,1,0
BRF:25
BRH:0
end_of_record
TN:
SF:app/test-blob/page.tsx
FN:9,TestBlobPage
FNF:1
FNH:0
FNDA:0,TestBlobPage
DA:3,0
DA:4,0
DA:5,0
DA:6,0
DA:7,0
DA:9,0
LF:6
LH:0
BRF:0
BRH:0
end_of_record
TN:
SF:app/test-connection/page.tsx
FN:5,TestConnectionPage
FN:9,(anonymous_2)
FN:11,(anonymous_3)
FN:21,(anonymous_4)
FN:29,(anonymous_5)
FN:32,(anonymous_6)
FN:37,(anonymous_7)
FN:40,(anonymous_8)
FN:47,(anonymous_9)
FN:66,(anonymous_10)
FNF:10
FNH:0
FNDA:0,TestConnectionPage
FNDA:0,(anonymous_2)
FNDA:0,(anonymous_3)
FNDA:0,(anonymous_4)
FNDA:0,(anonymous_5)
FNDA:0,(anonymous_6)
FNDA:0,(anonymous_7)
FNDA:0,(anonymous_8)
FNDA:0,(anonymous_9)
FNDA:0,(anonymous_10)
DA:3,0
DA:5,0
DA:6,0
DA:7,0
DA:9,0
DA:11,0
DA:12,0
DA:13,0
DA:14,0
DA:15,0
DA:17,0
DA:20,0
DA:21,0
DA:26,0
DA:27,0
DA:29,0
DA:30,0
DA:31,0
DA:32,0
DA:34,0
DA:37,0
DA:38,0
DA:39,0
DA:40,0
DA:42,0
DA:45,0
DA:47,0
DA:48,0
DA:49,0
DA:67,0
LF:30
LH:0
BRDA:14,0,0,0
BRDA:14,0,1,0
BRDA:31,1,0,0
BRDA:31,2,0,0
BRDA:31,2,1,0
BRDA:39,3,0,0
BRDA:39,4,0,0
BRDA:39,4,1,0
BRDA:62,5,0,0
BRF:9
BRH:0
end_of_record
TN:
SF:app/test-csp/page.tsx
FN:9,CSPTestPage
FN:14,(anonymous_2)
FN:20,(anonymous_3)
FNF:3
FNH:0
FNDA:0,CSPTestPage
FNDA:0,(anonymous_2)
FNDA:0,(anonymous_3)
DA:3,0
DA:4,0
DA:5,0
DA:6,0
DA:7,0
DA:9,0
DA:10,0
DA:11,0
DA:14,0
DA:15,0
DA:16,0
DA:20,0
DA:21,0
DA:22,0
DA:24,0
DA:25,0
DA:26,0
LF:17
LH:0
BRDA:22,0,0,0
BRDA:54,1,0,0
BRDA:69,2,0,0
BRDA:80,3,0,0
BRDA:80,3,1,0
BRF:5
BRH:0
end_of_record
TN:
SF:components/about-content.tsx
FN:9,AboutContent
FN:61,(anonymous_2)
FN:110,(anonymous_3)
FNF:3
FNH:0
FNDA:0,AboutContent
FNDA:0,(anonymous_2)
FNDA:0,(anonymous_3)
DA:2,0
DA:3,0
DA:4,0
DA:5,0
DA:7,0
DA:9,0
DA:10,0
DA:17,0
DA:62,0
DA:63,0
DA:111,0
DA:112,0
LF:12
LH:0
BRDA:66,0,0,0
BRDA:66,0,1,0
BRDA:67,1,0,0
BRDA:67,1,1,0
BRDA:68,2,0,0
BRDA:68,2,1,0
BRDA:69,3,0,0
BRDA:69,3,1,0
BRDA:70,4,0,0
BRDA:70,4,1,0
BRDA:71,5,0,0
BRDA:71,5,1,0
BRF:12
BRH:0
end_of_record
TN:
SF:components/advanced-search.tsx
FN:38,AdvancedSearch
FN:57,(anonymous_2)
FN:58,(anonymous_3)
FN:59,(anonymous_4)
FN:60,(anonymous_5)
FN:66,(anonymous_6)
FN:73,(anonymous_7)
FN:75,(anonymous_8)
FN:80,(anonymous_9)
FN:82,(anonymous_10)
FN:87,(anonymous_11)
FN:89,(anonymous_12)
FN:95,(anonymous_13)
FN:102,(anonymous_14)
FN:107,(anonymous_15)
FN:108,(anonymous_16)
FN:120,(anonymous_17)
FN:121,(anonymous_18)
FN:145,(anonymous_19)
FN:149,(anonymous_20)
FN:166,(anonymous_21)
FN:190,(anonymous_22)
FN:215,(anonymous_23)
FN:229,(anonymous_24)
FN:240,(anonymous_25)
FN:243,(anonymous_26)
FN:262,(anonymous_27)
FN:264,(anonymous_28)
FN:274,(anonymous_29)
FN:285,(anonymous_30)
FN:288,(anonymous_31)
FN:311,(anonymous_32)
FN:311,(anonymous_33)
FN:319,(anonymous_34)
FN:319,(anonymous_35)
FN:327,(anonymous_36)
FN:327,(anonymous_37)
FN:335,(anonymous_38)
FN:335,(anonymous_39)
FN:340,(anonymous_40)
FN:343,(anonymous_41)
FN:343,(anonymous_42)
FN:345,(anonymous_43)
FN:362,(anonymous_44)
FN:391,(anonymous_45)
FN:391,(anonymous_46)
FN:397,(anonymous_47)
FN:406,(anonymous_48)
FN:406,(anonymous_49)
FN:412,(anonymous_50)
FN:428,(anonymous_51)
FN:428,(anonymous_52)
FN:437,(anonymous_53)
FN:437,(anonymous_54)
FN:453,(anonymous_55)
FN:453,(anonymous_56)
FN:462,(anonymous_57)
FN:462,(anonymous_58)
FN:478,(anonymous_59)
FN:478,(anonymous_60)
FN:487,(anonymous_61)
FN:487,(anonymous_62)
FN:499,(anonymous_63)
FN:499,(anonymous_64)
FN:513,(anonymous_65)
FN:513,(anonymous_66)
FN:529,(anonymous_67)
FN:529,(anonymous_68)
FN:556,(anonymous_69)
FN:568,(anonymous_70)
FN:575,(anonymous_71)
FNF:71
FNH:0
FNDA:0,AdvancedSearch
FNDA:0,(anonymous_2)
FNDA:0,(anonymous_3)
FNDA:0,(anonymous_4)
FNDA:0,(anonymous_5)
FNDA:0,(anonymous_6)
FNDA:0,(anonymous_7)
FNDA:0,(anonymous_8)
FNDA:0,(anonymous_9)
FNDA:0,(anonymous_10)
FNDA:0,(anonymous_11)
FNDA:0,(anonymous_12)
FNDA:0,(anonymous_13)
FNDA:0,(anonymous_14)
FNDA:0,(anonymous_15)
FNDA:0,(anonymous_16)
FNDA:0,(anonymous_17)
FNDA:0,(anonymous_18)
FNDA:0,(anonymous_19)
FNDA:0,(anonymous_20)
FNDA:0,(anonymous_21)
FNDA:0,(anonymous_22)
FNDA:0,(anonymous_23)
FNDA:0,(anonymous_24)
FNDA:0,(anonymous_25)
FNDA:0,(anonymous_26)
FNDA:0,(anonymous_27)
FNDA:0,(anonymous_28)
FNDA:0,(anonymous_29)
FNDA:0,(anonymous_30)
FNDA:0,(anonymous_31)
FNDA:0,(anonymous_32)
FNDA:0,(anonymous_33)
FNDA:0,(anonymous_34)
FNDA:0,(anonymous_35)
FNDA:0,(anonymous_36)
FNDA:0,(anonymous_37)
FNDA:0,(anonymous_38)
FNDA:0,(anonymous_39)
FNDA:0,(anonymous_40)
FNDA:0,(anonymous_41)
FNDA:0,(anonymous_42)
FNDA:0,(anonymous_43)
FNDA:0,(anonymous_44)
FNDA:0,(anonymous_45)
FNDA:0,(anonymous_46)
FNDA:0,(anonymous_47)
FNDA:0,(anonymous_48)
FNDA:0,(anonymous_49)
FNDA:0,(anonymous_50)
FNDA:0,(anonymous_51)
FNDA:0,(anonymous_52)
FNDA:0,(anonymous_53)
FNDA:0,(anonymous_54)
FNDA:0,(anonymous_55)
FNDA:0,(anonymous_56)
FNDA:0,(anonymous_57)
FNDA:0,(anonymous_58)
FNDA:0,(anonymous_59)
FNDA:0,(anonymous_60)
FNDA:0,(anonymous_61)
FNDA:0,(anonymous_62)
FNDA:0,(anonymous_63)
FNDA:0,(anonymous_64)
FNDA:0,(anonymous_65)
FNDA:0,(anonymous_66)
FNDA:0,(anonymous_67)
FNDA:0,(anonymous_68)
FNDA:0,(anonymous_69)
FNDA:0,(anonymous_70)
FNDA:0,(anonymous_71)
DA:3,0
DA:4,0
DA:5,0
DA:6,0
DA:7,0
DA:9,0
DA:10,0
DA:11,0
DA:12,0
DA:38,0
DA:49,0
DA:50,0
DA:51,0
DA:52,0
DA:53,0
DA:54,0
DA:57,0
DA:58,0
DA:59,0
DA:60,0
DA:62,0
DA:66,0
DA:67,0
DA:69,0
DA:70,0
DA:73,0
DA:74,0
DA:75,0
DA:80,0
DA:81,0
DA:82,0
DA:87,0
DA:88,0
DA:89,0
DA:94,0
DA:95,0
DA:96,0
DA:97,0
DA:101,0
DA:102,0
DA:107,0
DA:108,0
DA:110,0
DA:111,0
DA:112,0
DA:113,0
DA:115,0
DA:120,0
DA:121,0
DA:122,0
DA:124,0
DA:126,0
DA:127,0
DA:129,0
DA:130,0
DA:132,0
DA:133,0
DA:135,0
DA:136,0
DA:138,0
DA:141,0
DA:144,0
DA:145,0
DA:149,0
DA:150,0
DA:151,0
DA:154,0
DA:155,0
DA:166,0
DA:167,0
DA:184,0
DA:185,0
DA:186,0
DA:190,0
DA:191,0
DA:193,0
DA:194,0
DA:195,0
DA:201,0
DA:202,0
DA:205,0
DA:207,0
DA:215,0
DA:216,0
DA:218,0
DA:219,0
DA:220,0
DA:221,0
DA:223,0
DA:229,0
DA:230,0
DA:231,0
DA:233,0
DA:240,0
DA:241,0
DA:243,0
DA:244,0
DA:245,0
DA:247,0
DA:262,0
DA:265,0
DA:266,0
DA:274,0
DA:286,0
DA:288,0
DA:311,0
DA:319,0
DA:327,0
DA:335,0
DA:341,0
DA:343,0
DA:345,0
DA:362,0
DA:391,0
DA:398,0
DA:406,0
DA:413,0
DA:428,0
DA:437,0
DA:453,0
DA:462,0
DA:478,0
DA:487,0
DA:499,0
DA:513,0
DA:529,0
DA:557,0
DA:568,0
DA:575,0
LF:129
LH:0
BRDA:41,0,0,0
BRDA:42,1,0,0
BRDA:67,2,0,0
BRDA:74,3,0,0
BRDA:81,4,0,0
BRDA:88,5,0,0
BRDA:96,6,0,0
BRDA:110,7,0,0
BRDA:110,7,1,0
BRDA:124,8,0,0
BRDA:124,8,1,0
BRDA:124,8,2,0
BRDA:124,8,3,0
BRDA:135,9,0,0
BRDA:154,10,0,0
BRDA:154,11,0,0
BRDA:154,11,1,0
BRDA:191,12,0,0
BRDA:194,13,0,0
BRDA:194,14,0,0
BRDA:194,14,1,0
BRDA:216,15,0,0
BRDA:219,16,0,0
BRDA:241,17,0,0
BRDA:265,18,0,0
BRDA:270,19,0,0
BRDA:283,20,0,0
BRDA:283,20,1,0
BRDA:308,21,0,0
BRDA:316,22,0,0
BRDA:324,23,0,0
BRDA:332,24,0,0
BRDA:340,25,0,0
BRDA:340,25,1,0
BRDA:367,26,0,0
BRDA:381,27,0,0
BRDA:427,28,0,0
BRDA:427,28,1,0
BRDA:430,29,0,0
BRDA:430,29,1,0
BRDA:436,30,0,0
BRDA:436,30,1,0
BRDA:439,31,0,0
BRDA:439,31,1,0
BRDA:452,32,0,0
BRDA:452,32,1,0
BRDA:455,33,0,0
BRDA:455,33,1,0
BRDA:461,34,0,0
BRDA:461,34,1,0
BRDA:464,35,0,0
BRDA:464,35,1,0
BRDA:477,36,0,0
BRDA:477,36,1,0
BRDA:480,37,0,0
BRDA:480,37,1,0
BRDA:486,38,0,0
BRDA:486,38,1,0
BRDA:489,39,0,0
BRDA:489,39,1,0
BRDA:549,40,0,0
BRF:61
BRH:0
end_of_record
TN:
SF:components/ai-chatbot.tsx
FN:33,findResponse
FN:72,AIChatbot
FN:87,(anonymous_3)
FN:89,(anonymous_4)
FN:96,(anonymous_5)
FN:101,(anonymous_6)
FN:111,(anonymous_7)
FN:120,(anonymous_8)
FN:128,(anonymous_9)
FN:139,(anonymous_10)
FN:173,(anonymous_11)
FN:181,(anonymous_12)
FN:197,(anonymous_13)
FN:234,(anonymous_14)
FNF:14
FNH:0
FNDA:0,findResponse
FNDA:0,AIChatbot
FNDA:0,(anonymous_3)
FNDA:0,(anonymous_4)
FNDA:0,(anonymous_5)
FNDA:0,(anonymous_6)
FNDA:0,(anonymous_7)
FNDA:0,(anonymous_8)
FNDA:0,(anonymous_9)
FNDA:0,(anonymous_10)
FNDA:0,(anonymous_11)
FNDA:0,(anonymous_12)
FNDA:0,(anonymous_13)
FNDA:0,(anonymous_14)
DA:3,0
DA:4,0
DA:5,0
DA:6,0
DA:7,0
DA:8,0
DA:19,0
DA:34,0
DA:37,0
DA:38,0
DA:40,0
DA:41,0
DA:43,0
DA:44,0
DA:46,0
DA:47,0
DA:49,0
DA:50,0
DA:52,0
DA:53,0
DA:55,0
DA:56,0
DA:58,0
DA:59,0
DA:61,0
DA:62,0
DA:64,0
DA:65,0
DA:69,0
DA:72,0
DA:73,0
DA:74,0
DA:75,0
DA:83,0
DA:84,0
DA:87,0
DA:88,0
DA:90,0
DA:96,0
DA:97,0
DA:101,0
DA:102,0
DA:105,0
DA:111,0
DA:114,0
DA:115,0
DA:117,0
DA:120,0
DA:121,0
DA:122,0
DA:123,0
DA:128,0
DA:129,0
DA:130,0
DA:131,0
DA:135,0
DA:139,0
DA:173,0
DA:181,0
DA:198,0
DA:234,0
LF:61
LH:0
BRDA:37,0,0,0
BRDA:37,1,0,0
BRDA:37,1,1,0
BRDA:37,1,2,0
BRDA:40,2,0,0
BRDA:40,3,0,0
BRDA:40,3,1,0
BRDA:40,3,2,0
BRDA:43,4,0,0
BRDA:43,5,0,0
BRDA:43,5,1,0
BRDA:46,6,0,0
BRDA:46,7,0,0
BRDA:46,7,1,0
BRDA:49,8,0,0
BRDA:49,9,0,0
BRDA:49,9,1,0
BRDA:49,9,2,0
BRDA:49,9,3,0
BRDA:52,10,0,0
BRDA:52,11,0,0
BRDA:52,11,1,0
BRDA:52,11,2,0
BRDA:55,12,0,0
BRDA:55,13,0,0
BRDA:55,13,1,0
BRDA:55,13,2,0
BRDA:58,14,0,0
BRDA:58,15,0,0
BRDA:58,15,1,0
BRDA:58,15,2,0
BRDA:58,15,3,0
BRDA:61,16,0,0
BRDA:61,17,0,0
BRDA:61,17,1,0
BRDA:61,17,2,0
BRDA:61,17,3,0
BRDA:64,18,0,0
BRDA:64,19,0,0
BRDA:64,19,1,0
BRDA:64,19,2,0
BRDA:102,20,0,0
BRDA:121,21,0,0
BRDA:121,22,0,0
BRDA:121,22,1,0
BRDA:130,23,0,0
BRDA:135,24,0,0
BRDA:159,25,0,0
BRDA:159,25,1,0
BRDA:176,26,0,0
BRDA:190,27,0,0
BRDA:200,28,0,0
BRDA:200,28,1,0
BRDA:204,29,0,0
BRDA:204,29,1,0
BRDA:210,30,0,0
BRDA:210,30,1,0
BRDA:217,31,0,0
BRDA:242,32,0,0
BRDA:242,32,1,0
BRF:60
BRH:0
end_of_record
TN:
SF:components/analytics-provider.tsx
FN:11,AnalyticsProvider
FN:16,(anonymous_2)
FN:27,gtag
FN:42,(anonymous_4)
FN:61,(anonymous_5)
FN:73,(anonymous_6)
FN:89,(anonymous_7)
FN:97,(anonymous_8)
FN:110,(anonymous_9)
FN:123,(anonymous_10)
FN:143,(anonymous_11)
FN:149,(anonymous_12)
FN:155,(anonymous_13)
FNF:13
FNH:0
FNDA:0,AnalyticsProvider
FNDA:0,(anonymous_2)
FNDA:0,gtag
FNDA:0,(anonymous_4)
FNDA:0,(anonymous_5)
FNDA:0,(anonymous_6)
FNDA:0,(anonymous_7)
FNDA:0,(anonymous_8)
FNDA:0,(anonymous_9)
FNDA:0,(anonymous_10)
FNDA:0,(anonymous_11)
FNDA:0,(anonymous_12)
FNDA:0,(anonymous_13)
DA:3,0
DA:4,0
DA:11,0
DA:12,0
DA:13,0
DA:16,0
DA:17,0
DA:20,0
DA:21,0
DA:22,0
DA:23,0
DA:26,0
DA:28,0
DA:30,0
DA:31,0
DA:38,0
DA:42,0
DA:43,0
DA:45,0
DA:46,0
DA:53,0
DA:61,0
DA:62,0
DA:64,0
DA:65,0
DA:73,0
DA:74,0
DA:76,0
DA:77,0
DA:89,0
DA:90,0
DA:92,0
DA:95,0
DA:97,0
DA:98,0
DA:99,0
DA:100,0
DA:107,0
DA:110,0
DA:111,0
DA:112,0
DA:113,0
DA:120,0
DA:123,0
DA:124,0
DA:125,0
DA:126,0
DA:127,0
DA:128,0
DA:129,0
DA:133,0
DA:138,0
DA:143,0
DA:144,0
DA:145,0
DA:149,0
DA:150,0
DA:151,0
DA:155,0
DA:156,0
DA:157,0
DA:158,0
LF:62
LH:0
BRDA:17,0,0,0
BRDA:17,1,0,0
BRDA:17,1,1,0
BRDA:26,2,0,0
BRDA:26,2,1,0
BRDA:43,3,0,0
BRDA:43,4,0,0
BRDA:43,4,1,0
BRDA:62,5,0,0
BRDA:62,6,0,0
BRDA:62,6,1,0
BRDA:74,7,0,0
BRDA:74,8,0,0
BRDA:74,8,1,0
BRDA:90,9,0,0
BRDA:90,10,0,0
BRDA:90,10,1,0
BRDA:95,11,0,0
BRDA:99,12,0,0
BRDA:99,13,0,0
BRDA:99,13,1,0
BRDA:112,14,0,0
BRDA:126,15,0,0
BRDA:128,16,0,0
BRDA:128,17,0,0
BRDA:128,17,1,0
BRDA:150,18,0,0
BRDA:150,18,1,0
BRDA:156,19,0,0
BRF:29
BRH:0
end_of_record
TN:
SF:components/auto-indexing-seo.tsx
FN:23,AutoIndexingSEO
FN:50,(anonymous_3)
FN:120,(anonymous_4)
FNF:3
FNH:0
FNDA:0,AutoIndexingSEO
FNDA:0,(anonymous_3)
FNDA:0,(anonymous_4)
DA:3,0
DA:4,0
DA:23,0
DA:40,0
DA:41,0
DA:42,0
DA:44,0
DA:45,0
DA:46,0
DA:47,0
DA:50,0
DA:51,0
DA:53,0
DA:54,0
DA:62,0
DA:63,0
DA:64,0
DA:65,0
DA:66,0
DA:70,0
DA:121,0
LF:21
LH:0
BRDA:29,0,0,0
BRDA:36,1,0,0
BRDA:44,2,0,0
BRDA:44,2,1,0
BRDA:45,3,0,0
BRDA:45,3,1,0
BRDA:46,4,0,0
BRDA:46,4,1,0
BRDA:47,5,0,0
BRDA:47,5,1,0
BRDA:51,6,0,0
BRDA:51,7,0,0
BRDA:51,7,1,0
BRDA:53,8,0,0
BRDA:57,9,0,0
BRDA:57,9,1,0
BRDA:62,10,0,0
BRDA:84,11,0,0
BRDA:85,12,0,0
BRDA:85,12,1,0
BRDA:88,13,0,0
BRDA:88,13,1,0
BRDA:89,14,0,0
BRDA:89,14,1,0
BRDA:90,15,0,0
BRDA:90,15,1,0
BRDA:114,16,0,0
BRDA:116,17,0,0
BRDA:117,18,0,0
BRDA:118,19,0,0
BRDA:119,20,0,0
BRDA:120,21,0,0
BRDA:120,21,1,0
BRF:33
BRH:0
end_of_record
TN:
SF:components/auto-sitemap-trigger.tsx
FN:41,AutoSitemapTrigger
FN:50,(anonymous_8)
FN:57,(anonymous_9)
FN:88,(anonymous_10)
FN:102,useSitemapSubmission
FN:103,(anonymous_12)
FN:107,(anonymous_13)
FN:126,(anonymous_14)
FN:137,(anonymous_15)
FN:158,ManualSitemapSubmitter
FN:164,(anonymous_17)
FN:182,(anonymous_18)
FN:191,(anonymous_19)
FN:195,(anonymous_20)
FN:262,(anonymous_21)
FN:274,(anonymous_22)
FNF:16
FNH:0
FNDA:0,AutoSitemapTrigger
FNDA:0,(anonymous_8)
FNDA:0,(anonymous_9)
FNDA:0,(anonymous_10)
FNDA:0,useSitemapSubmission
FNDA:0,(anonymous_12)
FNDA:0,(anonymous_13)
FNDA:0,(anonymous_14)
FNDA:0,(anonymous_15)
FNDA:0,ManualSitemapSubmitter
FNDA:0,(anonymous_17)
FNDA:0,(anonymous_18)
FNDA:0,(anonymous_19)
FNDA:0,(anonymous_20)
FNDA:0,(anonymous_21)
FNDA:0,(anonymous_22)
DA:3,0
DA:4,0
DA:41,0
DA:47,0
DA:48,0
DA:50,0
DA:52,0
DA:53,0
DA:58,0
DA:59,0
DA:61,0
DA:62,0
DA:64,0
DA:65,0
DA:68,0
DA:70,0
DA:73,0
DA:74,0
DA:76,0
DA:77,0
DA:81,0
DA:82,0
DA:88,0
DA:89,0
DA:90,0
DA:96,0
DA:102,0
DA:103,0
DA:104,0
DA:105,0
DA:107,0
DA:108,0
DA:110,0
DA:112,0
DA:114,0
DA:117,0
DA:118,0
DA:122,0
DA:126,0
DA:127,0
DA:128,0
DA:129,0
DA:130,0
DA:132,0
DA:133,0
DA:137,0
DA:138,0
DA:139,0
DA:140,0
DA:141,0
DA:143,0
DA:144,0
DA:148,0
DA:158,0
DA:159,0
DA:160,0
DA:161,0
DA:162,0
DA:164,0
DA:165,0
DA:166,0
DA:167,0
DA:168,0
DA:170,0
DA:171,0
DA:174,0
DA:175,0
DA:178,0
DA:182,0
DA:183,0
DA:184,0
DA:187,0
DA:188,0
DA:191,0
DA:192,0
DA:195,0
DA:196,0
DA:263,0
DA:275,0
LF:79
LH:0
BRDA:43,0,0,0
BRDA:44,1,0,0
BRDA:52,2,0,0
BRDA:52,3,0,0
BRDA:52,3,1,0
BRDA:64,4,0,0
BRDA:73,5,0,0
BRDA:73,5,1,0
BRDA:73,6,0,0
BRDA:73,6,1,0
BRDA:77,7,0,0
BRDA:81,8,0,0
BRDA:89,9,0,0
BRDA:103,10,0,0
BRDA:105,11,0,0
BRDA:105,11,1,0
BRDA:117,12,0,0
BRDA:117,13,0,0
BRDA:117,13,1,0
BRDA:141,14,0,0
BRDA:141,14,1,0
BRDA:168,15,0,0
BRDA:192,16,0,0
BRDA:192,16,1,0
BRDA:196,17,0,0
BRDA:196,17,1,0
BRDA:210,18,0,0
BRDA:210,18,1,0
BRDA:222,19,0,0
BRDA:230,20,0,0
BRDA:230,20,1,0
BRDA:232,21,0,0
BRDA:240,22,0,0
BRDA:240,22,1,0
BRDA:242,23,0,0
BRDA:251,24,0,0
BRDA:259,25,0,0
BRDA:259,25,1,0
BRDA:270,26,0,0
BRDA:270,26,1,0
BRF:40
BRH:0
end_of_record
TN:
SF:components/blob-test.tsx
FN:12,BlobTest
FN:25,(anonymous_3)
FN:49,(anonymous_4)
FN:54,(anonymous_5)
FN:55,(anonymous_6)
FN:58,(anonymous_7)
FN:59,(anonymous_8)
FN:66,(anonymous_9)
FN:73,(anonymous_10)
FN:90,(anonymous_11)
FN:95,(anonymous_12)
FN:100,(anonymous_13)
FN:144,(anonymous_14)
FN:144,(anonymous_15)
FN:145,(anonymous_16)
FN:145,(anonymous_17)
FN:172,(anonymous_18)
FNF:17
FNH:0
FNDA:0,BlobTest
FNDA:0,(anonymous_3)
FNDA:0,(anonymous_4)
FNDA:0,(anonymous_5)
FNDA:0,(anonymous_6)
FNDA:0,(anonymous_7)
FNDA:0,(anonymous_8)
FNDA:0,(anonymous_9)
FNDA:0,(anonymous_10)
FNDA:0,(anonymous_11)
FNDA:0,(anonymous_12)
FNDA:0,(anonymous_13)
FNDA:0,(anonymous_14)
FNDA:0,(anonymous_15)
FNDA:0,(anonymous_16)
FNDA:0,(anonymous_17)
FNDA:0,(anonymous_18)
DA:3,0
DA:4,0
DA:5,0
DA:6,0
DA:7,0
DA:8,0
DA:9,0
DA:10,0
DA:12,0
DA:13,0
DA:14,0
DA:15,0
DA:25,0
DA:26,0
DA:27,0
DA:29,0
DA:30,0
DA:32,0
DA:34,0
DA:35,0
DA:37,0
DA:42,0
DA:43,0
DA:44,0
DA:47,0
DA:48,0
DA:49,0
DA:50,0
DA:53,0
DA:54,0
DA:55,0
DA:56,0
DA:58,0
DA:59,0
DA:60,0
DA:62,0
DA:65,0
DA:66,0
DA:67,0
DA:69,0
DA:73,0
DA:74,0
DA:76,0
DA:77,0
DA:85,0
DA:86,0
DA:87,0
DA:90,0
DA:91,0
DA:92,0
DA:94,0
DA:95,0
DA:96,0
DA:100,0
DA:144,0
DA:145,0
DA:172,0
LF:57
LH:0
BRDA:27,0,0,0
BRDA:42,1,0,0
BRDA:44,2,0,0
BRDA:44,2,1,0
BRDA:67,3,0,0
BRDA:67,3,1,0
BRDA:74,4,0,0
BRDA:85,5,0,0
BRDA:87,6,0,0
BRDA:87,6,1,0
BRDA:96,7,0,0
BRDA:96,7,1,0
BRDA:134,8,0,0
BRDA:154,9,0,0
BRDA:172,10,0,0
BRDA:179,11,0,0
BRDA:180,12,0,0
BRDA:185,13,0,0
BRDA:186,14,0,0
BRDA:191,15,0,0
BRDA:192,16,0,0
BRF:21
BRH:0
end_of_record
TN:
SF:components/brand-name-user.tsx
FN:3,BrandNameUser
FNF:1
FNH:0
FNDA:0,BrandNameUser
DA:3,0
LF:1
LH:0
BRDA:3,0,0,0
BRF:1
BRH:0
end_of_record
TN:
SF:components/brand-name.tsx
FN:3,BrandName
FNF:1
FNH:0
FNDA:0,BrandName
DA:3,0
LF:1
LH:0
BRDA:3,0,0,0
BRF:1
BRH:0
end_of_record
TN:
SF:components/breadcrumb-nav.tsx
FN:13,BreadcrumbNav
FN:16,(anonymous_5)
FN:24,(anonymous_6)
FN:30,(anonymous_7)
FN:78,(anonymous_8)
FN:111,BreadcrumbStructuredData
FN:115,(anonymous_10)
FNF:7
FNH:0
FNDA:0,BreadcrumbNav
FNDA:0,(anonymous_5)
FNDA:0,(anonymous_6)
FNDA:0,(anonymous_7)
FNDA:0,(anonymous_8)
FNDA:0,BreadcrumbStructuredData
FNDA:0,(anonymous_10)
DA:3,0
DA:4,0
DA:5,0
DA:13,0
DA:14,0
DA:16,0
DA:17,0
DA:18,0
DA:22,0
DA:24,0
DA:25,0
DA:28,0
DA:30,0
DA:34,0
DA:51,0
DA:52,0
DA:55,0
DA:57,0
DA:64,0
DA:67,0
DA:70,0
DA:71,0
DA:79,0
DA:111,0
DA:112,0
DA:115,0
LF:26
LH:0
BRDA:51,0,0,0
BRDA:70,1,0,0
BRDA:80,2,0,0
BRDA:85,3,0,0
BRDA:96,4,0,0
BRDA:96,4,1,0
BRF:6
BRH:0
end_of_record
TN:
SF:components/breadcrumb.tsx
FN:13,Breadcrumb
FN:24,(anonymous_3)
FNF:2
FNH:0
FNDA:0,Breadcrumb
FNDA:0,(anonymous_3)
DA:1,0
DA:2,0
DA:13,0
DA:25,0
LF:4
LH:0
BRDA:28,0,0,0
BRF:1
BRH:0
end_of_record
TN:
SF:components/car-card.tsx
FN:22,CarCard
FN:24,(anonymous_3)
FN:26,(anonymous_4)
FN:40,(anonymous_5)
FN:47,(anonymous_6)
FN:57,(anonymous_7)
FNF:6
FNH:0
FNDA:0,CarCard
FNDA:0,(anonymous_3)
FNDA:0,(anonymous_4)
FNDA:0,(anonymous_5)
FNDA:0,(anonymous_6)
FNDA:0,(anonymous_7)
DA:3,0
DA:4,0
DA:5,0
DA:6,0
DA:7,0
DA:9,0
DA:14,0
DA:22,0
DA:24,0
DA:26,0
DA:27,0
DA:28,0
DA:29,0
DA:30,0
DA:32,0
DA:33,0
DA:36,0
DA:40,0
DA:41,0
DA:42,0
DA:47,0
DA:48,0
DA:49,0
DA:50,0
DA:52,0
DA:57,0
DA:58,0
DA:66,0
DA:67,0
DA:68,0
DA:72,0
LF:31
LH:0
BRDA:22,0,0,0
BRDA:27,1,0,0
BRDA:27,2,0,0
BRDA:27,2,1,0
BRDA:30,3,0,0
BRDA:30,3,1,0
BRDA:30,4,0,0
BRDA:30,4,1,0
BRDA:33,5,0,0
BRDA:33,5,1,0
BRDA:36,6,0,0
BRDA:36,6,1,0
BRDA:41,7,0,0
BRDA:41,8,0,0
BRDA:41,8,1,0
BRDA:48,9,0,0
BRDA:48,10,0,0
BRDA:48,10,1,0
BRDA:48,10,2,0
BRDA:66,11,0,0
BRDA:66,12,0,0
BRDA:66,12,1,0
BRDA:72,13,0,0
BRDA:72,13,1,0
BRDA:79,14,0,0
BRDA:78,15,0,0
BRDA:78,15,1,0
BRDA:78,15,2,0
BRDA:81,16,0,0
BRDA:81,16,1,0
BRDA:81,17,0,0
BRDA:81,17,1,0
BRDA:81,18,0,0
BRDA:81,18,1,0
BRDA:91,19,0,0
BRDA:91,19,1,0
BRDA:91,20,0,0
BRDA:91,20,1,0
BRDA:91,21,0,0
BRDA:91,21,1,0
BRDA:101,22,0,0
BRDA:101,22,1,0
BRDA:102,23,0,0
BRDA:102,23,1,0
BRDA:106,24,0,0
BRDA:132,25,0,0
BRDA:132,25,1,0
BRDA:136,26,0,0
BRDA:136,26,1,0
BRDA:140,27,0,0
BRDA:140,27,1,0
BRDA:147,28,0,0
BRDA:147,28,1,0
BRDA:147,29,0,0
BRDA:147,29,1,0
BRDA:148,30,0,0
BRDA:148,30,1,0
BRF:57
BRH:0
end_of_record
TN:
SF:components/car-comparison.tsx
FN:21,CarComparison
FN:29,(anonymous_3)
FN:29,(anonymous_4)
FN:31,(anonymous_5)
FN:36,(anonymous_6)
FN:44,(anonymous_7)
FN:49,(anonymous_8)
FN:50,(anonymous_9)
FN:62,(anonymous_10)
FN:76,(anonymous_11)
FN:119,(anonymous_12)
FN:123,(anonymous_13)
FN:126,(anonymous_14)
FN:144,(anonymous_15)
FN:157,(anonymous_16)
FN:160,(anonymous_17)
FN:184,(anonymous_18)
FN:201,(anonymous_19)
FN:221,(anonymous_20)
FN:229,(anonymous_21)
FN:235,(anonymous_22)
FN:241,(anonymous_23)
FN:247,(anonymous_24)
FN:255,(anonymous_25)
FN:265,(anonymous_26)
FN:310,(anonymous_27)
FN:319,(anonymous_28)
FN:324,(anonymous_29)
FN:334,(anonymous_30)
FN:334,(anonymous_31)
FN:335,(anonymous_32)
FN:339,(anonymous_33)
FN:342,(anonymous_34)
FN:361,(anonymous_35)
FN:361,(anonymous_36)
FNF:35
FNH:0
FNDA:0,CarComparison
FNDA:0,(anonymous_3)
FNDA:0,(anonymous_4)
FNDA:0,(anonymous_5)
FNDA:0,(anonymous_6)
FNDA:0,(anonymous_7)
FNDA:0,(anonymous_8)
FNDA:0,(anonymous_9)
FNDA:0,(anonymous_10)
FNDA:0,(anonymous_11)
FNDA:0,(anonymous_12)
FNDA:0,(anonymous_13)
FNDA:0,(anonymous_14)
FNDA:0,(anonymous_15)
FNDA:0,(anonymous_16)
FNDA:0,(anonymous_17)
FNDA:0,(anonymous_18)
FNDA:0,(anonymous_19)
FNDA:0,(anonymous_20)
FNDA:0,(anonymous_21)
FNDA:0,(anonymous_22)
FNDA:0,(anonymous_23)
FNDA:0,(anonymous_24)
FNDA:0,(anonymous_25)
FNDA:0,(anonymous_26)
FNDA:0,(anonymous_27)
FNDA:0,(anonymous_28)
FNDA:0,(anonymous_29)
FNDA:0,(anonymous_30)
FNDA:0,(anonymous_31)
FNDA:0,(anonymous_32)
FNDA:0,(anonymous_33)
FNDA:0,(anonymous_34)
FNDA:0,(anonymous_35)
FNDA:0,(anonymous_36)
DA:3,0
DA:4,0
DA:5,0
DA:6,0
DA:7,0
DA:8,0
DA:9,0
DA:10,0
DA:12,0
DA:13,0
DA:21,0
DA:22,0
DA:23,0
DA:24,0
DA:25,0
DA:26,0
DA:29,0
DA:31,0
DA:32,0
DA:33,0
DA:36,0
DA:37,0
DA:44,0
DA:45,0
DA:49,0
DA:50,0
DA:51,0
DA:54,0
DA:55,0
DA:62,0
DA:77,0
DA:78,0
DA:120,0
DA:123,0
DA:126,0
DA:144,0
DA:158,0
DA:160,0
DA:184,0
DA:202,0
DA:222,0
DA:230,0
DA:236,0
DA:242,0
DA:248,0
DA:256,0
DA:266,0
DA:310,0
DA:319,0
DA:325,0
DA:334,0
DA:336,0
DA:339,0
DA:342,0
DA:361,0
LF:55
LH:0
BRDA:51,0,0,0
BRDA:51,0,1,0
BRDA:51,0,2,0
BRDA:54,1,0,0
BRDA:54,1,1,0
BRDA:55,2,0,0
BRDA:55,2,1,0
BRDA:64,3,0,0
BRDA:64,3,1,0
BRDA:69,4,0,0
BRDA:78,5,0,0
BRDA:94,6,0,0
BRDA:108,7,0,0
BRDA:126,8,0,0
BRDA:126,8,1,0
BRDA:130,9,0,0
BRDA:130,9,1,0
BRDA:167,10,0,0
BRDA:167,10,1,0
BRDA:180,11,0,0
BRDA:205,12,0,0
BRDA:205,12,1,0
BRDA:249,13,0,0
BRDA:249,13,1,0
BRDA:257,14,0,0
BRDA:257,14,1,0
BRDA:258,15,0,0
BRDA:258,15,1,0
BRDA:342,16,0,0
BRDA:342,16,1,0
BRDA:346,17,0,0
BRDA:346,17,1,0
BRDA:361,18,0,0
BRF:33
BRH:0
end_of_record
TN:
SF:components/car-details.tsx
FN:20,CarDetails
FN:21,(anonymous_2)
FN:36,(anonymous_3)
FN:163,(anonymous_4)
FNF:4
FNH:0
FNDA:0,CarDetails
FNDA:0,(anonymous_2)
FNDA:0,(anonymous_3)
FNDA:0,(anonymous_4)
DA:3,0
DA:5,0
DA:11,0
DA:20,0
DA:21,0
DA:22,0
DA:25,0
DA:37,0
DA:164,0
LF:9
LH:0
BRDA:20,0,0,0
BRDA:20,1,0,0
BRDA:25,2,0,0
BRDA:102,3,0,0
BRDA:102,3,1,0
BRDA:102,3,2,0
BRDA:102,3,3,0
BRDA:102,3,4,0
BRDA:102,3,5,0
BRDA:109,4,0,0
BRDA:116,5,0,0
BRDA:123,6,0,0
BRDA:130,7,0,0
BRDA:137,8,0,0
BRDA:144,9,0,0
BRDA:156,10,0,0
BRDA:156,10,1,0
BRDA:175,11,0,0
BRDA:175,12,0,0
BRDA:175,12,1,0
BRDA:189,13,0,0
BRF:21
BRH:0
end_of_record
TN:
SF:components/car-image-carousel.tsx
FN:15,CarImageCarousel
FN:26,(anonymous_3)
FN:29,(anonymous_4)
FN:36,(anonymous_5)
FN:36,(anonymous_6)
FN:42,(anonymous_7)
FN:42,(anonymous_8)
FN:49,(anonymous_9)
FN:50,(anonymous_10)
FN:56,(anonymous_11)
FN:57,(anonymous_12)
FN:63,(anonymous_13)
FN:70,(anonymous_14)
FN:74,(anonymous_15)
FN:75,(anonymous_16)
FN:78,(anonymous_17)
FN:79,(anonymous_18)
FN:82,(anonymous_19)
FN:87,(anonymous_20)
FN:93,(anonymous_21)
FN:104,(anonymous_22)
FN:128,(anonymous_23)
FN:144,(anonymous_24)
FN:152,(anonymous_25)
FN:187,(anonymous_26)
FN:197,(anonymous_27)
FN:200,(anonymous_28)
FN:225,(anonymous_29)
FN:233,(anonymous_30)
FN:234,(anonymous_31)
FN:238,(anonymous_32)
FN:241,(anonymous_33)
FN:252,(anonymous_34)
FN:271,(anonymous_35)
FN:288,(anonymous_36)
FN:292,(anonymous_37)
FN:293,(anonymous_38)
FN:295,(anonymous_39)
FN:306,(anonymous_40)
FN:310,(anonymous_41)
FN:311,(anonymous_42)
FN:313,(anonymous_43)
FN:330,(anonymous_44)
FN:349,(anonymous_45)
FN:358,(anonymous_46)
FN:393,(anonymous_47)
FN:394,(anonymous_48)
FN:405,(anonymous_49)
FN:416,(anonymous_50)
FN:428,(anonymous_51)
FN:445,(anonymous_52)
FN:446,(anonymous_53)
FN:457,(anonymous_54)
FN:458,(anonymous_55)
FN:473,(anonymous_56)
FN:474,(anonymous_57)
FN:513,(anonymous_58)
FN:516,(anonymous_59)
FNF:58
FNH:0
FNDA:0,CarImageCarousel
FNDA:0,(anonymous_3)
FNDA:0,(anonymous_4)
FNDA:0,(anonymous_5)
FNDA:0,(anonymous_6)
FNDA:0,(anonymous_7)
FNDA:0,(anonymous_8)
FNDA:0,(anonymous_9)
FNDA:0,(anonymous_10)
FNDA:0,(anonymous_11)
FNDA:0,(anonymous_12)
FNDA:0,(anonymous_13)
FNDA:0,(anonymous_14)
FNDA:0,(anonymous_15)
FNDA:0,(anonymous_16)
FNDA:0,(anonymous_17)
FNDA:0,(anonymous_18)
FNDA:0,(anonymous_19)
FNDA:0,(anonymous_20)
FNDA:0,(anonymous_21)
FNDA:0,(anonymous_22)
FNDA:0,(anonymous_23)
FNDA:0,(anonymous_24)
FNDA:0,(anonymous_25)
FNDA:0,(anonymous_26)
FNDA:0,(anonymous_27)
FNDA:0,(anonymous_28)
FNDA:0,(anonymous_29)
FNDA:0,(anonymous_30)
FNDA:0,(anonymous_31)
FNDA:0,(anonymous_32)
FNDA:0,(anonymous_33)
FNDA:0,(anonymous_34)
FNDA:0,(anonymous_35)
FNDA:0,(anonymous_36)
FNDA:0,(anonymous_37)
FNDA:0,(anonymous_38)
FNDA:0,(anonymous_39)
FNDA:0,(anonymous_40)
FNDA:0,(anonymous_41)
FNDA:0,(anonymous_42)
FNDA:0,(anonymous_43)
FNDA:0,(anonymous_44)
FNDA:0,(anonymous_45)
FNDA:0,(anonymous_46)
FNDA:0,(anonymous_47)
FNDA:0,(anonymous_48)
FNDA:0,(anonymous_49)
FNDA:0,(anonymous_50)
FNDA:0,(anonymous_51)
FNDA:0,(anonymous_52)
FNDA:0,(anonymous_53)
FNDA:0,(anonymous_54)
FNDA:0,(anonymous_55)
FNDA:0,(anonymous_56)
FNDA:0,(anonymous_57)
FNDA:0,(anonymous_58)
FNDA:0,(anonymous_59)
DA:3,0
DA:4,0
DA:5,0
DA:6,0
DA:7,0
DA:15,0
DA:16,0
DA:17,0
DA:18,0
DA:19,0
DA:20,0
DA:21,0
DA:22,0
DA:23,0
DA:26,0
DA:27,0
DA:29,0
DA:30,0
DA:31,0
DA:33,0
DA:34,0
DA:35,0
DA:36,0
DA:39,0
DA:40,0
DA:41,0
DA:42,0
DA:46,0
DA:49,0
DA:50,0
DA:51,0
DA:52,0
DA:53,0
DA:56,0
DA:57,0
DA:58,0
DA:59,0
DA:60,0
DA:63,0
DA:64,0
DA:65,0
DA:66,0
DA:67,0
DA:70,0
DA:71,0
DA:74,0
DA:75,0
DA:78,0
DA:79,0
DA:82,0
DA:83,0
DA:84,0
DA:87,0
DA:88,0
DA:89,0
DA:93,0
DA:94,0
DA:96,0
DA:97,0
DA:98,0
DA:99,0
DA:100,0
DA:101,0
DA:102,0
DA:104,0
DA:105,0
DA:108,0
DA:110,0
DA:112,0
DA:113,0
DA:117,0
DA:118,0
DA:120,0
DA:121,0
DA:122,0
DA:124,0
DA:128,0
DA:130,0
DA:132,0
DA:134,0
DA:138,0
DA:139,0
DA:140,0
DA:142,0
DA:143,0
DA:144,0
DA:148,0
DA:152,0
DA:153,0
DA:155,0
DA:157,0
DA:158,0
DA:160,0
DA:161,0
DA:163,0
DA:169,0
DA:170,0
DA:171,0
DA:174,0
DA:175,0
DA:176,0
DA:180,0
DA:181,0
DA:183,0
DA:184,0
DA:185,0
DA:187,0
DA:188,0
DA:189,0
DA:190,0
DA:191,0
DA:197,0
DA:198,0
DA:200,0
DA:201,0
DA:203,0
DA:204,0
DA:206,0
DA:207,0
DA:209,0
DA:210,0
DA:213,0
DA:214,0
DA:216,0
DA:217,0
DA:219,0
DA:220,0
DA:224,0
DA:225,0
DA:229,0
DA:232,0
DA:238,0
DA:239,0
DA:241,0
DA:243,0
DA:244,0
DA:245,0
DA:249,0
DA:250,0
DA:252,0
DA:253,0
DA:254,0
DA:271,0
DA:289,0
DA:290,0
DA:293,0
DA:296,0
DA:297,0
DA:298,0
DA:307,0
DA:308,0
DA:311,0
DA:314,0
DA:315,0
DA:316,0
DA:331,0
DA:332,0
DA:333,0
DA:351,0
DA:352,0
DA:353,0
DA:354,0
DA:356,0
DA:360,0
DA:361,0
DA:362,0
DA:363,0
DA:393,0
DA:394,0
DA:406,0
DA:407,0
DA:417,0
DA:418,0
DA:429,0
DA:430,0
DA:445,0
DA:447,0
DA:448,0
DA:449,0
DA:457,0
DA:459,0
DA:460,0
DA:461,0
DA:473,0
DA:475,0
DA:476,0
DA:477,0
DA:514,0
DA:516,0
LF:189
LH:0
BRDA:27,0,0,0
BRDA:33,1,0,0
BRDA:39,2,0,0
BRDA:94,3,0,0
BRDA:94,4,0,0
BRDA:94,4,1,0
BRDA:110,5,0,0
BRDA:110,5,1,0
BRDA:118,6,0,0
BRDA:120,7,0,0
BRDA:132,8,0,0
BRDA:132,8,1,0
BRDA:140,9,0,0
BRDA:140,10,0,0
BRDA:140,10,1,0
BRDA:140,10,2,0
BRDA:153,11,0,0
BRDA:155,12,0,0
BRDA:155,13,0,0
BRDA:155,13,1,0
BRDA:155,13,2,0
BRDA:155,13,3,0
BRDA:158,14,0,0
BRDA:160,15,0,0
BRDA:160,15,1,0
BRDA:169,16,0,0
BRDA:181,17,0,0
BRDA:188,18,0,0
BRDA:198,19,0,0
BRDA:201,20,0,0
BRDA:201,20,1,0
BRDA:201,20,2,0
BRDA:201,20,3,0
BRDA:201,20,4,0
BRDA:201,20,5,0
BRDA:201,20,6,0
BRDA:233,21,0,0
BRDA:233,21,1,0
BRDA:233,22,0,0
BRDA:233,22,1,0
BRDA:234,23,0,0
BRDA:234,23,1,0
BRDA:234,24,0,0
BRDA:234,24,1,0
BRDA:239,25,0,0
BRDA:243,26,0,0
BRDA:264,27,0,0
BRDA:263,28,0,0
BRDA:263,28,1,0
BRDA:285,29,0,0
BRDA:353,30,0,0
BRDA:362,31,0,0
BRDA:384,32,0,0
BRDA:397,33,0,0
BRDA:397,33,1,0
BRDA:426,34,0,0
BRDA:442,35,0,0
BRDA:493,36,0,0
BRDA:511,37,0,0
BRDA:518,38,0,0
BRDA:518,38,1,0
BRDA:529,39,0,0
BRDA:529,39,1,0
BRF:63
BRH:0
end_of_record
TN:
SF:components/car-page-client.tsx
FN:17,safeJsonLd
FN:23,CarPageClient
FN:29,(anonymous_4)
FN:30,(anonymous_5)
FN:84,(anonymous_6)
FNF:5
FNH:0
FNDA:0,safeJsonLd
FNDA:0,CarPageClient
FNDA:0,(anonymous_4)
FNDA:0,(anonymous_5)
FNDA:0,(anonymous_6)
DA:3,0
DA:4,0
DA:5,0
DA:6,0
DA:7,0
DA:8,0
DA:10,0
DA:18,0
DA:23,0
DA:24,0
DA:25,0
DA:26,0
DA:27,0
DA:29,0
DA:30,0
DA:31,0
DA:32,0
DA:33,0
DA:35,0
DA:36,0
DA:38,0
DA:39,0
DA:41,0
DA:42,0
DA:43,0
DA:44,0
DA:46,0
DA:49,0
DA:50,0
DA:51,0
DA:52,0
DA:53,0
DA:54,0
DA:56,0
DA:57,0
DA:60,0
DA:63,0
DA:65,0
DA:68,0
DA:69,0
DA:70,0
DA:72,0
DA:73,0
DA:75,0
DA:79,0
DA:80,0
DA:84,0
DA:85,0
DA:88,0
DA:89,0
DA:92,0
DA:102,0
LF:52
LH:0
BRDA:41,0,0,0
BRDA:42,1,0,0
BRDA:42,1,1,0
BRDA:53,2,0,0
BRDA:56,3,0,0
BRDA:73,4,0,0
BRDA:73,4,1,0
BRDA:79,5,0,0
BRDA:88,6,0,0
BRDA:92,7,0,0
BRDA:102,8,0,0
BRDA:117,9,0,0
BRDA:117,9,1,0
BRDA:123,10,0,0
BRDA:133,11,0,0
BRDA:160,12,0,0
BRF:16
BRH:0
end_of_record
TN:
SF:components/car-structured-data.tsx
FN:7,CarStructuredData
FN:56,(anonymous_6)
FN:81,CarListingsStructuredData
FN:88,(anonymous_8)
FN:119,OrganizationStructuredData
FN:173,FAQStructuredData
FN:177,(anonymous_11)
FNF:7
FNH:0
FNDA:0,CarStructuredData
FNDA:0,(anonymous_6)
FNDA:0,CarListingsStructuredData
FNDA:0,(anonymous_8)
FNDA:0,OrganizationStructuredData
FNDA:0,FAQStructuredData
FNDA:0,(anonymous_11)
DA:7,0
DA:8,0
DA:56,0
DA:81,0
DA:82,0
DA:88,0
DA:119,0
DA:120,0
DA:173,0
DA:174,0
DA:177,0
LF:11
LH:0
BRDA:11,0,0,0
BRDA:11,0,1,0
BRDA:23,1,0,0
BRDA:23,1,1,0
BRDA:46,2,0,0
BRDA:46,2,1,0
BRDA:47,3,0,0
BRDA:47,3,1,0
BRDA:47,4,0,0
BRDA:47,4,1,0
BRDA:49,5,0,0
BRDA:49,5,1,0
BRDA:52,6,0,0
BRDA:52,6,1,0
BRDA:56,7,0,0
BRDA:56,7,1,0
BRDA:56,8,0,0
BRDA:56,8,1,0
BRDA:60,9,0,0
BRDA:60,9,1,0
BRDA:65,10,0,0
BRDA:65,10,1,0
BRDA:67,11,0,0
BRDA:67,11,1,0
BRDA:68,12,0,0
BRDA:68,12,1,0
BRDA:93,13,0,0
BRDA:93,13,1,0
BRF:28
BRH:0
end_of_record
TN:
SF:components/connection-monitor.tsx
FN:6,ConnectionMonitor
FN:11,(anonymous_2)
FN:16,(anonymous_3)
FN:22,(anonymous_4)
FN:28,(anonymous_5)
FN:33,(anonymous_6)
FN:39,(anonymous_7)
FN:49,(anonymous_8)
FN:53,(anonymous_9)
FN:63,(anonymous_10)
FN:107,(anonymous_11)
FN:117,(anonymous_12)
FNF:12
FNH:0
FNDA:0,ConnectionMonitor
FNDA:0,(anonymous_2)
FNDA:0,(anonymous_3)
FNDA:0,(anonymous_4)
FNDA:0,(anonymous_5)
FNDA:0,(anonymous_6)
FNDA:0,(anonymous_7)
FNDA:0,(anonymous_8)
FNDA:0,(anonymous_9)
FNDA:0,(anonymous_10)
FNDA:0,(anonymous_11)
FNDA:0,(anonymous_12)
DA:3,0
DA:4,0
DA:6,0
DA:7,0
DA:8,0
DA:9,0
DA:11,0
DA:13,0
DA:14,0
DA:16,0
DA:17,0
DA:18,0
DA:22,0
DA:23,0
DA:25,0
DA:28,0
DA:29,0
DA:30,0
DA:33,0
DA:35,0
DA:39,0
DA:40,0
DA:41,0
DA:45,0
DA:46,0
DA:48,0
DA:49,0
DA:52,0
DA:53,0
DA:55,0
DA:58,0
DA:61,0
DA:63,0
DA:64,0
DA:65,0
DA:66,0
DA:71,0
DA:72,0
DA:108,0
DA:117,0
LF:40
LH:0
BRDA:18,0,0,0
BRDA:18,1,0,0
BRDA:18,1,1,0
BRDA:18,1,2,0
BRDA:18,1,3,0
BRDA:30,2,0,0
BRDA:30,3,0,0
BRDA:30,3,1,0
BRDA:30,3,2,0
BRDA:45,4,0,0
BRDA:45,4,1,0
BRDA:71,5,0,0
BRDA:71,6,0,0
BRDA:71,6,1,0
BRDA:71,6,2,0
BRDA:79,7,0,0
BRDA:80,8,0,0
BRDA:81,9,0,0
BRDA:91,10,0,0
BRDA:101,11,0,0
BRF:20
BRH:0
end_of_record
TN:
SF:components/contact-content.tsx
FN:20,ContactContent
FN:37,(anonymous_2)
FN:43,(anonymous_3)
FN:50,(anonymous_4)
FN:85,(anonymous_5)
FN:122,(anonymous_6)
FN:210,(anonymous_7)
FN:219,(anonymous_8)
FN:390,(anonymous_9)
FN:404,(anonymous_10)
FN:421,(anonymous_11)
FN:433,(anonymous_12)
FN:449,(anonymous_13)
FN:508,(anonymous_14)
FN:533,(anonymous_15)
FNF:15
FNH:0
FNDA:0,ContactContent
FNDA:0,(anonymous_2)
FNDA:0,(anonymous_3)
FNDA:0,(anonymous_4)
FNDA:0,(anonymous_5)
FNDA:0,(anonymous_6)
FNDA:0,(anonymous_7)
FNDA:0,(anonymous_8)
FNDA:0,(anonymous_9)
FNDA:0,(anonymous_10)
FNDA:0,(anonymous_11)
FNDA:0,(anonymous_12)
FNDA:0,(anonymous_13)
FNDA:0,(anonymous_14)
FNDA:0,(anonymous_15)
DA:5,0
DA:6,0
DA:7,0
DA:8,0
DA:9,0
DA:10,0
DA:12,0
DA:14,0
DA:16,0
DA:17,0
DA:18,0
DA:20,0
DA:21,0
DA:22,0
DA:29,0
DA:30,0
DA:31,0
DA:34,0
DA:37,0
DA:38,0
DA:39,0
DA:40,0
DA:43,0
DA:45,0
DA:46,0
DA:47,0
DA:50,0
DA:51,0
DA:53,0
DA:54,0
DA:55,0
DA:56,0
DA:59,0
DA:60,0
DA:61,0
DA:62,0
DA:65,0
DA:66,0
DA:69,0
DA:70,0
DA:71,0
DA:72,0
DA:75,0
DA:76,0
DA:77,0
DA:78,0
DA:81,0
DA:82,0
DA:85,0
DA:86,0
DA:89,0
DA:92,0
DA:93,0
DA:94,0
DA:97,0
DA:99,0
DA:101,0
DA:109,0
DA:121,0
DA:122,0
DA:123,0
DA:126,0
DA:128,0
DA:135,0
DA:137,0
DA:138,0
DA:140,0
DA:144,0
DA:167,0
DA:185,0
DA:211,0
DA:212,0
DA:220,0
DA:390,0
DA:404,0
DA:421,0
DA:433,0
DA:449,0
DA:509,0
DA:534,0
DA:535,0
LF:81
LH:0
BRDA:53,0,0,0
BRDA:53,0,1,0
BRDA:55,1,0,0
BRDA:59,2,0,0
BRDA:59,2,1,0
BRDA:61,3,0,0
BRDA:65,4,0,0
BRDA:65,5,0,0
BRDA:65,5,1,0
BRDA:69,6,0,0
BRDA:69,6,1,0
BRDA:71,7,0,0
BRDA:75,8,0,0
BRDA:75,8,1,0
BRDA:77,9,0,0
BRDA:92,10,0,0
BRDA:121,11,0,0
BRDA:123,12,0,0
BRDA:123,12,1,0
BRDA:391,13,0,0
BRDA:391,13,1,0
BRDA:394,14,0,0
BRDA:405,15,0,0
BRDA:405,15,1,0
BRDA:408,16,0,0
BRDA:422,17,0,0
BRDA:422,17,1,0
BRDA:424,18,0,0
BRDA:434,19,0,0
BRDA:434,19,1,0
BRDA:437,20,0,0
BRDA:451,21,0,0
BRDA:451,21,1,0
BRDA:454,22,0,0
BRDA:469,23,0,0
BRDA:469,23,1,0
BRF:36
BRH:0
end_of_record
TN:
SF:components/contact-methods.tsx
FN:7,ContactMethods
FN:60,(anonymous_2)
FNF:2
FNH:0
FNDA:0,ContactMethods
FNDA:0,(anonymous_2)
DA:3,0
DA:4,0
DA:5,0
DA:7,0
DA:8,0
DA:61,0
LF:6
LH:0
BRF:0
BRH:0
end_of_record
TN:
SF:components/contact-to-buy.tsx
FN:14,ContactToBuy
FN:27,(anonymous_2)
FN:31,(anonymous_3)
FN:35,(anonymous_4)
FN:42,(anonymous_5)
FN:50,(anonymous_6)
FN:63,(anonymous_7)
FN:70,(anonymous_8)
FN:79,(anonymous_9)
FN:86,(anonymous_10)
FN:107,(anonymous_11)
FN:115,(anonymous_12)
FN:142,(anonymous_13)
FN:149,(anonymous_14)
FN:158,(anonymous_15)
FN:165,(anonymous_16)
FN:173,(anonymous_17)
FNF:17
FNH:0
FNDA:0,ContactToBuy
FNDA:0,(anonymous_2)
FNDA:0,(anonymous_3)
FNDA:0,(anonymous_4)
FNDA:0,(anonymous_5)
FNDA:0,(anonymous_6)
FNDA:0,(anonymous_7)
FNDA:0,(anonymous_8)
FNDA:0,(anonymous_9)
FNDA:0,(anonymous_10)
FNDA:0,(anonymous_11)
FNDA:0,(anonymous_12)
FNDA:0,(anonymous_13)
FNDA:0,(anonymous_14)
FNDA:0,(anonymous_15)
FNDA:0,(anonymous_16)
FNDA:0,(anonymous_17)
DA:3,0
DA:4,0
DA:5,0
DA:14,0
DA:17,0
DA:18,0
DA:21,0
DA:22,0
DA:27,0
DA:28,0
DA:31,0
DA:32,0
DA:35,0
DA:36,0
DA:39,0
DA:42,0
DA:43,0
DA:47,0
DA:50,0
DA:51,0
DA:58,0
DA:63,0
DA:70,0
DA:79,0
DA:86,0
DA:97,0
DA:107,0
DA:115,0
DA:142,0
DA:149,0
DA:158,0
DA:165,0
DA:173,0
LF:33
LH:0
BRDA:14,0,0,0
BRDA:21,1,0,0
BRDA:21,1,1,0
BRDA:21,2,0,0
BRDA:21,2,1,0
BRDA:58,3,0,0
BRDA:97,4,0,0
BRF:7
BRH:0
end_of_record
TN:
SF:components/contact-topbar.tsx
FN:12,ContactTopbar
FN:17,(anonymous_2)
FNF:2
FNH:0
FNDA:0,ContactTopbar
FNDA:0,(anonymous_2)
DA:3,0
DA:5,0
DA:12,0
DA:18,0
LF:4
LH:0
BRF:0
BRH:0
end_of_record
TN:
SF:components/cookie-consent.tsx
FN:9,CookieConsent
FN:14,(anonymous_3)
FN:24,(anonymous_4)
FN:34,(anonymous_5)
FN:35,(anonymous_6)
FN:38,(anonymous_7)
FNF:6
FNH:0
FNDA:0,CookieConsent
FNDA:0,(anonymous_3)
FNDA:0,(anonymous_4)
FNDA:0,(anonymous_5)
FNDA:0,(anonymous_6)
FNDA:0,(anonymous_7)
DA:3,0
DA:4,0
DA:5,0
DA:6,0
DA:7,0
DA:9,0
DA:10,0
DA:11,0
DA:12,0
DA:14,0
DA:15,0
DA:16,0
DA:17,0
DA:19,0
DA:20,0
DA:24,0
DA:25,0
DA:26,0
DA:27,0
DA:29,0
DA:30,0
DA:34,0
DA:35,0
DA:38,0
DA:40,0
DA:41,0
DA:42,0
DA:46,0
DA:47,0
DA:50,0
DA:55,0
LF:31
LH:0
BRDA:40,0,0,0
BRDA:40,1,0,0
BRDA:40,1,1,0
BRDA:46,2,0,0
BRDA:46,2,1,0
BRDA:55,3,0,0
BRDA:72,4,0,0
BRDA:99,5,0,0
BRDA:99,5,1,0
BRF:9
BRH:0
end_of_record
TN:
SF:components/cookie-preferences.tsx
FN:11,CookiePreferences
FN:16,(anonymous_2)
FN:20,(anonymous_3)
FN:29,(anonymous_4)
FN:92,(anonymous_5)
FN:108,(anonymous_6)
FNF:6
FNH:0
FNDA:0,CookiePreferences
FNDA:0,(anonymous_2)
FNDA:0,(anonymous_3)
FNDA:0,(anonymous_4)
FNDA:0,(anonymous_5)
FNDA:0,(anonymous_6)
DA:3,0
DA:4,0
DA:5,0
DA:6,0
DA:7,0
DA:8,0
DA:9,0
DA:11,0
DA:12,0
DA:13,0
DA:14,0
DA:16,0
DA:17,0
DA:20,0
DA:21,0
DA:22,0
DA:23,0
DA:24,0
DA:26,0
DA:29,0
DA:30,0
DA:31,0
DA:32,0
DA:35,0
DA:92,0
DA:108,0
LF:26
LH:0
BRDA:21,0,0,0
BRDA:21,0,1,0
BRDA:23,1,0,0
BRDA:35,2,0,0
BRF:4
BRH:0
end_of_record
TN:
SF:components/debug-panel.tsx
FN:45,DebugPanel
FN:56,(anonymous_2)
FN:66,(anonymous_3)
FN:73,(anonymous_4)
FN:83,(anonymous_5)
FN:93,(anonymous_6)
FN:101,(anonymous_7)
FN:105,(anonymous_8)
FN:109,(anonymous_9)
FN:126,(anonymous_10)
FN:127,(anonymous_11)
FN:128,(anonymous_12)
FN:129,(anonymous_13)
FN:222,(anonymous_14)
FN:241,(anonymous_15)
FN:255,(anonymous_16)
FN:270,(anonymous_17)
FN:271,(anonymous_18)
FN:406,(anonymous_19)
FNF:19
FNH:0
FNDA:0,DebugPanel
FNDA:0,(anonymous_2)
FNDA:0,(anonymous_3)
FNDA:0,(anonymous_4)
FNDA:0,(anonymous_5)
FNDA:0,(anonymous_6)
FNDA:0,(anonymous_7)
FNDA:0,(anonymous_8)
FNDA:0,(anonymous_9)
FNDA:0,(anonymous_10)
FNDA:0,(anonymous_11)
FNDA:0,(anonymous_12)
FNDA:0,(anonymous_13)
FNDA:0,(anonymous_14)
FNDA:0,(anonymous_15)
FNDA:0,(anonymous_16)
FNDA:0,(anonymous_17)
FNDA:0,(anonymous_18)
FNDA:0,(anonymous_19)
DA:3,0
DA:4,0
DA:5,0
DA:6,0
DA:7,0
DA:9,0
DA:19,0
DA:20,0
DA:45,0
DA:46,0
DA:47,0
DA:48,0
DA:49,0
DA:50,0
DA:51,0
DA:52,0
DA:53,0
DA:54,0
DA:56,0
DA:57,0
DA:58,0
DA:59,0
DA:60,0
DA:61,0
DA:62,0
DA:63,0
DA:65,0
DA:66,0
DA:72,0
DA:73,0
DA:74,0
DA:76,0
DA:77,0
DA:79,0
DA:83,0
DA:84,0
DA:90,0
DA:93,0
DA:94,0
DA:95,0
DA:97,0
DA:101,0
DA:102,0
DA:103,0
DA:105,0
DA:106,0
DA:107,0
DA:108,0
DA:109,0
DA:110,0
DA:111,0
DA:112,0
DA:113,0
DA:114,0
DA:115,0
DA:116,0
DA:118,0
DA:122,0
DA:126,0
DA:127,0
DA:128,0
DA:129,0
DA:223,0
DA:242,0
DA:255,0
DA:270,0
DA:272,0
DA:407,0
LF:68
LH:0
BRDA:61,0,0,0
BRDA:65,1,0,0
BRDA:65,1,1,0
BRDA:68,2,0,0
BRDA:68,2,1,0
BRDA:73,3,0,0
BRDA:73,3,1,0
BRDA:77,4,0,0
BRDA:77,4,1,0
BRDA:85,5,0,0
BRDA:85,5,1,0
BRDA:86,6,0,0
BRDA:86,6,1,0
BRDA:87,7,0,0
BRDA:87,7,1,0
BRDA:88,8,0,0
BRDA:88,8,1,0
BRDA:95,9,0,0
BRDA:95,9,1,0
BRDA:110,10,0,0
BRDA:110,10,1,0
BRDA:110,11,0,0
BRDA:110,11,1,0
BRDA:112,12,0,0
BRDA:112,12,1,0
BRDA:113,13,0,0
BRDA:113,13,1,0
BRDA:126,14,0,0
BRDA:126,14,1,0
BRDA:129,15,0,0
BRDA:129,15,1,0
BRDA:146,16,0,0
BRDA:146,16,1,0
BRDA:147,17,0,0
BRDA:147,17,1,0
BRDA:207,18,0,0
BRDA:207,18,1,0
BRDA:216,19,0,0
BRDA:224,20,0,0
BRDA:224,20,1,0
BRDA:224,21,0,0
BRDA:224,21,1,0
BRDA:227,22,0,0
BRDA:241,23,0,0
BRDA:241,23,1,0
BRDA:244,24,0,0
BRDA:244,24,1,0
BRDA:244,25,0,0
BRDA:244,25,1,0
BRDA:244,26,0,0
BRDA:244,26,1,0
BRDA:269,27,0,0
BRDA:269,27,1,0
BRDA:318,28,0,0
BRDA:318,28,1,0
BRDA:331,29,0,0
BRDA:382,30,0,0
BRDA:387,31,0,0
BRDA:387,31,1,0
BRDA:388,32,0,0
BRDA:388,32,1,0
BRDA:389,33,0,0
BRDA:389,33,1,0
BRDA:396,34,0,0
BRDA:396,34,1,0
BRDA:397,35,0,0
BRDA:397,35,1,0
BRDA:398,36,0,0
BRDA:398,36,1,0
BRDA:399,37,0,0
BRDA:399,37,1,0
BRDA:410,38,0,0
BRDA:410,38,1,0
BRDA:414,39,0,0
BRDA:414,39,1,0
BRDA:415,40,0,0
BRDA:415,40,1,0
BRDA:417,41,0,0
BRDA:417,41,1,0
BRDA:418,42,0,0
BRDA:418,42,1,0
BRDA:423,43,0,0
BRDA:423,43,1,0
BRDA:424,44,0,0
BRDA:424,44,1,0
BRDA:441,45,0,0
BRF:86
BRH:0
end_of_record
TN:
SF:components/dynamic-imports.tsx
FN:7,(anonymous_20)
FN:7,(anonymous_21)
FN:7,(anonymous_22)
FN:9,(anonymous_24)
FN:15,(anonymous_25)
FN:15,(anonymous_26)
FN:15,(anonymous_27)
FN:17,(anonymous_29)
FN:23,(anonymous_30)
FN:23,(anonymous_31)
FN:23,(anonymous_32)
FN:25,(anonymous_34)
FN:31,(anonymous_35)
FN:31,(anonymous_36)
FN:31,(anonymous_37)
FN:33,(anonymous_39)
FN:39,(anonymous_40)
FN:39,(anonymous_41)
FN:39,(anonymous_42)
FN:41,(anonymous_44)
FN:47,(anonymous_45)
FN:47,(anonymous_46)
FN:47,(anonymous_47)
FN:49,(anonymous_49)
FN:55,(anonymous_50)
FN:55,(anonymous_51)
FN:55,(anonymous_52)
FN:57,(anonymous_54)
FN:64,(anonymous_55)
FN:64,(anonymous_56)
FN:64,(anonymous_57)
FN:66,(anonymous_59)
FN:72,(anonymous_60)
FN:72,(anonymous_61)
FN:72,(anonymous_62)
FN:74,(anonymous_64)
FN:80,(anonymous_65)
FN:80,(anonymous_66)
FN:80,(anonymous_67)
FN:82,(anonymous_69)
FN:89,(anonymous_70)
FN:89,(anonymous_71)
FN:89,(anonymous_72)
FN:91,(anonymous_74)
FN:97,(anonymous_75)
FN:97,(anonymous_76)
FN:97,(anonymous_77)
FN:99,(anonymous_79)
FN:105,withDynamicImport
FN:116,(anonymous_81)
FN:132,preloadCriticalComponents
FN:134,(anonymous_84)
FN:135,(anonymous_85)
FN:136,(anonymous_86)
FN:140,preloadAdminComponents
FN:141,(anonymous_88)
FN:142,(anonymous_89)
FN:143,(anonymous_90)
FNF:58
FNH:0
FNDA:0,(anonymous_20)
FNDA:0,(anonymous_21)
FNDA:0,(anonymous_22)
FNDA:0,(anonymous_24)
FNDA:0,(anonymous_25)
FNDA:0,(anonymous_26)
FNDA:0,(anonymous_27)
FNDA:0,(anonymous_29)
FNDA:0,(anonymous_30)
FNDA:0,(anonymous_31)
FNDA:0,(anonymous_32)
FNDA:0,(anonymous_34)
FNDA:0,(anonymous_35)
FNDA:0,(anonymous_36)
FNDA:0,(anonymous_37)
FNDA:0,(anonymous_39)
FNDA:0,(anonymous_40)
FNDA:0,(anonymous_41)
FNDA:0,(anonymous_42)
FNDA:0,(anonymous_44)
FNDA:0,(anonymous_45)
FNDA:0,(anonymous_46)
FNDA:0,(anonymous_47)
FNDA:0,(anonymous_49)
FNDA:0,(anonymous_50)
FNDA:0,(anonymous_51)
FNDA:0,(anonymous_52)
FNDA:0,(anonymous_54)
FNDA:0,(anonymous_55)
FNDA:0,(anonymous_56)
FNDA:0,(anonymous_57)
FNDA:0,(anonymous_59)
FNDA:0,(anonymous_60)
FNDA:0,(anonymous_61)
FNDA:0,(anonymous_62)
FNDA:0,(anonymous_64)
FNDA:0,(anonymous_65)
FNDA:0,(anonymous_66)
FNDA:0,(anonymous_67)
FNDA:0,(anonymous_69)
FNDA:0,(anonymous_70)
FNDA:0,(anonymous_71)
FNDA:0,(anonymous_72)
FNDA:0,(anonymous_74)
FNDA:0,(anonymous_75)
FNDA:0,(anonymous_76)
FNDA:0,(anonymous_77)
FNDA:0,(anonymous_79)
FNDA:0,withDynamicImport
FNDA:0,(anonymous_81)
FNDA:0,preloadCriticalComponents
FNDA:0,(anonymous_84)
FNDA:0,(anonymous_85)
FNDA:0,(anonymous_86)
FNDA:0,preloadAdminComponents
FNDA:0,(anonymous_88)
FNDA:0,(anonymous_89)
FNDA:0,(anonymous_90)
DA:1,0
DA:2,0
DA:3,0
DA:6,0
DA:7,0
DA:9,0
DA:14,0
DA:15,0
DA:17,0
DA:22,0
DA:23,0
DA:25,0
DA:30,0
DA:31,0
DA:33,0
DA:38,0
DA:39,0
DA:41,0
DA:46,0
DA:47,0
DA:49,0
DA:54,0
DA:55,0
DA:57,0
DA:63,0
DA:64,0
DA:66,0
DA:71,0
DA:72,0
DA:74,0
DA:79,0
DA:80,0
DA:82,0
DA:88,0
DA:89,0
DA:91,0
DA:96,0
DA:97,0
DA:99,0
DA:105,0
DA:113,0
DA:115,0
DA:116,0
DA:120,0
DA:128,0
DA:132,0
DA:134,0
DA:135,0
DA:136,0
DA:140,0
DA:141,0
DA:142,0
DA:143,0
LF:53
LH:0
BRDA:107,0,0,0
BRDA:113,1,0,0
BRDA:116,2,0,0
BRDA:116,2,1,0
BRDA:120,3,0,0
BRF:5
BRH:0
end_of_record
TN:
SF:components/enhanced-error-boundary.tsx
FN:28,(anonymous_4)
FN:101,(anonymous_5)
FN:130,(anonymous_6)
FN:135,(anonymous_7)
FN:136,(anonymous_8)
FN:141,(anonymous_9)
FN:151,(anonymous_10)
FN:155,(anonymous_11)
FN:167,(anonymous_12)
FN:40,(anonymous_13)
FN:67,(anonymous_14)
FN:178,(anonymous_15)
FN:296,(anonymous_16)
FNF:13
FNH:0
FNDA:0,(anonymous_4)
FNDA:0,(anonymous_5)
FNDA:0,(anonymous_6)
FNDA:0,(anonymous_7)
FNDA:0,(anonymous_8)
FNDA:0,(anonymous_9)
FNDA:0,(anonymous_10)
FNDA:0,(anonymous_11)
FNDA:0,(anonymous_12)
FNDA:0,(anonymous_13)
FNDA:0,(anonymous_14)
FNDA:0,(anonymous_15)
FNDA:0,(anonymous_16)
DA:3,0
DA:4,0
DA:5,0
DA:6,0
[...]
FNDA:0,(anonymous_8)
FNDA:0,getAdminAuth
FNDA:0,requireAdmin
FNDA:0,getCurrentAdmin
FNDA:0,logoutAdmin
DA:2,0
DA:4,0
DA:15,0
DA:16,0
DA:19,0
DA:20,0
DA:22,0
DA:23,0
DA:25,0
DA:26,0
DA:27,0
DA:30,0
DA:31,0
DA:33,0
DA:34,0
DA:44,0
DA:45,0
DA:46,0
DA:47,0
DA:49,0
DA:50,0
DA:51,0
DA:62,0
DA:64,0
DA:65,0
DA:70,0
DA:71,0
DA:72,0
DA:74,0
DA:75,0
DA:78,0
DA:79,0
DA:81,0
DA:82,0
DA:92,0
DA:93,0
DA:94,0
DA:95,0
DA:97,0
DA:98,0
DA:100,0
DA:107,0
DA:108,0
DA:116,0
DA:127,0
DA:129,0
DA:130,0
DA:134,0
DA:135,0
DA:136,0
DA:137,0
DA:139,0
DA:142,0
DA:143,0
DA:146,0
DA:148,0
DA:151,0
LF:57
LH:0
BRDA:23,0,0,0
BRDA:23,0,1,0
BRDA:25,1,0,0
BRDA:33,2,0,0
BRDA:33,3,0,0
BRDA:33,3,1,0
BRDA:45,4,0,0
BRDA:47,5,0,0
BRDA:47,6,0,0
BRDA:47,6,1,0
BRDA:50,7,0,0
BRDA:74,8,0,0
BRDA:81,9,0,0
BRDA:81,10,0,0
BRDA:81,10,1,0
BRDA:93,11,0,0
BRDA:95,12,0,0
BRDA:95,13,0,0
BRDA:95,13,1,0
BRDA:98,14,0,0
BRDA:107,15,0,0
BRDA:136,16,0,0
BRF:22
BRH:0
end_of_record
TN:
SF:lib/comparison-context.tsx
FN:20,ComparisonProvider
FN:23,(anonymous_4)
FN:24,(anonymous_5)
FN:29,(anonymous_6)
FN:30,(anonymous_7)
FN:33,(anonymous_8)
FN:37,(anonymous_9)
FN:38,(anonymous_10)
FN:54,useComparison
FNF:9
FNH:0
FNDA:0,ComparisonProvider
FNDA:0,(anonymous_4)
FNDA:0,(anonymous_5)
FNDA:0,(anonymous_6)
FNDA:0,(anonymous_7)
FNDA:0,(anonymous_8)
FNDA:0,(anonymous_9)
FNDA:0,(anonymous_10)
FNDA:0,useComparison
DA:3,0
DA:14,0
DA:20,0
DA:21,0
DA:23,0
DA:24,0
DA:25,0
DA:29,0
DA:30,0
DA:33,0
DA:34,0
DA:37,0
DA:38,0
DA:54,0
DA:55,0
DA:56,0
DA:57,0
DA:59,0
LF:18
LH:0
BRDA:24,0,0,0
BRDA:24,1,0,0
BRDA:24,1,1,0
BRDA:56,2,0,0
BRF:4
BRH:0
end_of_record
TN:
SF:lib/config.ts
FNF:0
FNH:0
DA:2,0
LF:1
LH:0
BRDA:6,0,0,0
BRDA:6,0,1,0
BRDA:11,1,0,0
BRDA:11,1,1,0
BRDA:29,2,0,0
BRDA:29,2,1,0
BRDA:30,3,0,0
BRDA:30,3,1,0
BRF:8
BRH:0
end_of_record
TN:
SF:lib/jwt-utils.ts
FN:32,(anonymous_4)
FN:37,(anonymous_5)
FN:44,(anonymous_6)
FN:50,(anonymous_7)
FN:60,(anonymous_8)
FN:70,(anonymous_9)
FN:90,(anonymous_10)
FN:110,(anonymous_11)
FN:137,(anonymous_12)
FN:146,(anonymous_13)
FN:151,(anonymous_14)
FN:167,(anonymous_15)
FN:174,(anonymous_16)
FN:180,(anonymous_17)
FN:188,(anonymous_18)
FNF:15
FNH:0
FNDA:0,(anonymous_4)
FNDA:0,(anonymous_5)
FNDA:0,(anonymous_6)
FNDA:0,(anonymous_7)
FNDA:0,(anonymous_8)
FNDA:0,(anonymous_9)
FNDA:0,(anonymous_10)
FNDA:0,(anonymous_11)
FNDA:0,(anonymous_12)
FNDA:0,(anonymous_13)
FNDA:0,(anonymous_14)
FNDA:0,(anonymous_15)
FNDA:0,(anonymous_16)
FNDA:0,(anonymous_17)
FNDA:0,(anonymous_18)
DA:1,0
DA:2,0
DA:3,0
DA:4,0
DA:24,0
DA:30,0
DA:33,0
DA:34,0
DA:38,0
DA:39,0
DA:41,0
DA:45,0
DA:46,0
DA:51,0
DA:52,0
DA:61,0
DA:62,0
DA:71,0
DA:72,0
DA:77,0
DA:82,0
DA:91,0
DA:92,0
DA:97,0
DA:102,0
DA:111,0
DA:113,0
DA:114,0
DA:117,0
DA:120,0
DA:123,0
DA:124,0
DA:125,0
DA:128,0
DA:129,0
DA:130,0
DA:133,0
DA:138,0
DA:139,0
DA:141,0
DA:147,0
DA:156,0
DA:157,0
DA:159,0
DA:168,0
DA:169,0
DA:175,0
DA:176,0
DA:177,0
DA:181,0
DA:182,0
DA:183,0
DA:184,0
DA:190,0
DA:194,0
LF:55
LH:0
BRDA:38,0,0,0
BRDA:45,1,0,0
BRDA:84,2,0,0
BRDA:84,2,1,0
BRDA:104,3,0,0
BRDA:104,3,1,0
BRDA:113,4,0,0
BRDA:113,5,0,0
BRDA:113,5,1,0
BRDA:123,6,0,0
BRDA:123,6,1,0
BRDA:128,7,0,0
BRDA:168,8,0,0
BRDA:181,9,0,0
BRF:14
BRH:0
end_of_record
TN:
SF:lib/password-utils.ts
FN:4,hashPassword
FN:10,verifyPasswordHash
FN:20,generateSecurePassword
FN:32,checkPasswordStrength
FNF:4
FNH:0
FNDA:0,hashPassword
FNDA:0,verifyPasswordHash
FNDA:0,generateSecurePassword
FNDA:0,checkPasswordStrength
DA:1,0
DA:4,0
DA:5,0
DA:6,0
DA:10,0
DA:11,0
DA:12,0
DA:14,0
DA:15,0
DA:20,0
DA:21,0
DA:22,0
DA:24,0
DA:25,0
DA:28,0
DA:32,0
DA:37,0
DA:38,0
DA:41,0
DA:42,0
DA:44,0
DA:47,0
DA:48,0
DA:50,0
DA:51,0
DA:53,0
DA:54,0
DA:56,0
DA:57,0
DA:60,0
DA:61,0
DA:63,0
DA:65,0
LF:33
LH:0
BRDA:20,0,0,0
BRDA:41,1,0,0
BRDA:41,1,1,0
BRDA:44,2,0,0
BRDA:47,3,0,0
BRDA:47,3,1,0
BRDA:50,4,0,0
BRDA:50,4,1,0
BRDA:53,5,0,0
BRDA:53,5,1,0
BRDA:56,6,0,0
BRDA:56,6,1,0
BRDA:60,7,0,0
BRDA:60,7,1,0
BRF:14
BRH:0
end_of_record
TN:
SF:lib/sitemap-submitter.ts
FN:21,(anonymous_5)
FN:23,(anonymous_6)
FN:33,(anonymous_7)
FN:77,(anonymous_8)
FN:106,(anonymous_9)
FN:149,(anonymous_10)
FN:176,(anonymous_11)
FN:190,(anonymous_12)
FN:221,(anonymous_13)
FN:250,(anonymous_14)
FN:292,(anonymous_15)
FN:320,(anonymous_16)
FN:329,(anonymous_17)
FN:335,(anonymous_18)
FN:353,(anonymous_19)
FN:362,(anonymous_20)
FN:388,(anonymous_21)
FN:443,submitSitemapForNewContent
FN:453,(anonymous_23)
FN:471,checkSitemapStatus
FNF:20
FNH:0
FNDA:0,(anonymous_5)
FNDA:0,(anonymous_6)
FNDA:0,(anonymous_7)
FNDA:0,(anonymous_8)
FNDA:0,(anonymous_9)
FNDA:0,(anonymous_10)
FNDA:0,(anonymous_11)
FNDA:0,(anonymous_12)
FNDA:0,(anonymous_13)
FNDA:0,(anonymous_14)
FNDA:0,(anonymous_15)
FNDA:0,(anonymous_16)
FNDA:0,(anonymous_17)
FNDA:0,(anonymous_18)
FNDA:0,(anonymous_19)
FNDA:0,(anonymous_20)
FNDA:0,(anonymous_21)
FNDA:0,submitSitemapForNewContent
FNDA:0,(anonymous_23)
FNDA:0,checkSitemapStatus
DA:14,0
DA:16,0
DA:19,0
DA:24,0
DA:25,0
DA:27,0
DA:34,0
DA:36,0
DA:38,0
DA:46,0
DA:49,0
DA:55,0
DA:56,0
DA:57,0
DA:58,0
DA:59,0
DA:60,0
DA:61,0
DA:68,0
DA:69,0
DA:74,0
DA:75,0
DA:76,0
DA:77,0
DA:82,0
DA:91,0
DA:93,0
DA:107,0
DA:109,0
DA:122,0
DA:123,0
DA:129,0
DA:131,0
DA:132,0
DA:134,0
DA:142,0
DA:150,0
DA:152,0
DA:161,0
DA:162,0
DA:169,0
DA:179,0
DA:191,0
DA:192,0
DA:195,0
DA:200,0
DA:201,0
DA:202,0
DA:203,0
DA:204,0
DA:205,0
DA:212,0
DA:213,0
DA:218,0
DA:219,0
DA:220,0
DA:221,0
DA:226,0
DA:235,0
DA:237,0
DA:251,0
DA:253,0
DA:265,0
DA:266,0
DA:272,0
DA:274,0
DA:275,0
DA:277,0
DA:285,0
DA:294,0
DA:296,0
DA:305,0
DA:306,0
DA:313,0
DA:321,0
DA:323,0
DA:329,0
DA:330,0
DA:332,0
DA:335,0
DA:336,0
DA:337,0
DA:338,0
DA:340,0
DA:341,0
DA:342,0
DA:347,0
DA:354,0
DA:355,0
DA:356,0
DA:369,0
DA:370,0
DA:373,0
DA:376,0
DA:392,0
DA:397,0
DA:399,0
DA:403,0
DA:409,0
DA:415,0
DA:417,0
DA:421,0
DA:427,0
DA:433,0
DA:438,0
DA:443,0
DA:444,0
DA:445,0
DA:448,0
DA:449,0
DA:451,0
DA:453,0
DA:454,0
DA:455,0
DA:457,0
DA:458,0
DA:459,0
DA:464,0
DA:471,0
DA:472,0
DA:473,0
LF:121
LH:0
BRDA:24,0,0,0
BRDA:36,1,0,0
BRDA:36,2,0,0
BRDA:36,2,1,0
BRDA:59,3,0,0
BRDA:74,4,0,0
BRDA:75,5,0,0
BRDA:75,5,1,0
BRDA:95,6,0,0
BRDA:95,6,1,0
BRDA:122,7,0,0
BRDA:122,7,1,0
BRDA:129,8,0,0
BRDA:129,8,1,0
BRDA:132,9,0,0
BRDA:132,9,1,0
BRDA:161,10,0,0
BRDA:161,10,1,0
BRDA:204,11,0,0
BRDA:218,12,0,0
BRDA:219,13,0,0
BRDA:219,13,1,0
BRDA:239,14,0,0
BRDA:239,14,1,0
BRDA:265,15,0,0
BRDA:265,15,1,0
BRDA:272,16,0,0
BRDA:272,16,1,0
BRDA:275,17,0,0
BRDA:275,17,1,0
BRDA:305,18,0,0
BRDA:305,18,1,0
BRDA:336,19,0,0
BRDA:336,19,1,0
BRDA:337,20,0,0
BRDA:337,20,1,0
BRDA:341,21,0,0
BRDA:370,22,0,0
BRDA:370,22,1,0
BRDA:373,23,0,0
BRDA:373,23,1,0
BRDA:404,24,0,0
BRDA:404,24,1,0
BRDA:406,25,0,0
BRDA:406,25,1,0
BRDA:411,26,0,0
BRDA:411,26,1,0
BRDA:422,27,0,0
BRDA:422,27,1,0
BRDA:424,28,0,0
BRDA:424,28,1,0
BRDA:429,29,0,0
BRDA:429,29,1,0
BRDA:454,30,0,0
BRDA:454,30,1,0
BRDA:458,31,0,0
BRF:56
BRH:0
end_of_record
TN:
SF:lib/supabase-storage.ts
FN:5,uploadImageToStorage
FN:31,deleteImageFromStorage
FN:38,(anonymous_6)
FN:57,uploadMultipleImages
FN:58,(anonymous_8)
FNF:5
FNH:0
FNDA:0,uploadImageToStorage
FNDA:0,deleteImageFromStorage
FNDA:0,(anonymous_6)
FNDA:0,uploadMultipleImages
FNDA:0,(anonymous_8)
DA:1,0
DA:3,0
DA:5,0
DA:6,0
DA:8,0
DA:9,0
DA:10,0
DA:11,0
DA:13,0
DA:20,0
DA:21,0
DA:24,0
DA:25,0
DA:26,0
DA:28,0
DA:31,0
DA:32,0
DA:34,0
DA:35,0
DA:37,0
DA:38,0
DA:39,0
DA:40,0
DA:43,0
DA:44,0
DA:45,0
DA:47,0
DA:48,0
DA:49,0
DA:52,0
DA:53,0
DA:57,0
DA:58,0
DA:59,0
LF:34
LH:0
BRDA:3,0,0,0
BRDA:3,0,1,0
BRDA:16,1,0,0
BRDA:16,1,1,0
BRDA:20,2,0,0
BRDA:25,3,0,0
BRDA:39,4,0,0
BRDA:39,5,0,0
BRDA:39,5,1,0
BRDA:48,6,0,0
BRDA:52,7,0,0
BRDA:52,7,1,0
BRF:12
BRH:0
end_of_record
TN:
SF:lib/types.ts
FNF:0
FNH:0
DA:95,0
LF:1
LH:0
BRF:0
BRH:0
end_of_record
TN:
SF:lib/utils.ts
FN:4,cn
FN:9,withCsrfHeaders
FN:21,getCsrfFromCookie
FN:27,generateSlug
FNF:4
FNH:0
FNDA:0,cn
FNDA:0,withCsrfHeaders
FNDA:0,getCsrfFromCookie
FNDA:0,generateSlug
DA:1,0
DA:2,0
DA:4,0
DA:5,0
DA:9,0
DA:10,0
DA:11,0
DA:12,0
DA:22,0
DA:23,0
DA:24,0
DA:27,0
DA:28,0
LF:13
LH:0
BRDA:10,0,0,0
BRDA:10,1,0,0
BRDA:10,1,1,0
BRDA:15,2,0,0
BRDA:15,2,1,0
BRDA:16,3,0,0
BRDA:16,3,1,0
BRDA:22,4,0,0
BRDA:24,5,0,0
BRDA:24,5,1,0
BRF:10
BRH:0
end_of_record
TN:
SF:lib/config/debug.ts
FN:16,(anonymous_1)
FN:23,(anonymous_2)
FN:33,(anonymous_3)
FNF:3
FNH:0
FNDA:0,(anonymous_1)
FNDA:0,(anonymous_2)
FNDA:0,(anonymous_3)
DA:2,0
DA:17,0
DA:18,0
DA:24,0
DA:25,0
DA:31,0
DA:33,0
DA:34,0
DA:35,0
LF:9
LH:0
BRDA:7,0,0,0
BRDA:7,0,1,0
BRDA:17,1,0,0
BRDA:17,2,0,0
BRDA:17,2,1,0
BRDA:18,3,0,0
BRDA:18,3,1,0
BRDA:24,4,0,0
BRDA:24,5,0,0
BRDA:24,5,1,0
BRDA:25,6,0,0
BRDA:25,6,1,0
BRDA:31,7,0,0
BRDA:34,8,0,0
BRF:14
BRH:0
end_of_record
TN:
SF:lib/config/env.ts
FN:68,validateEnvironment
FN:83,(anonymous_5)
FNF:2
FNH:0
FNDA:0,validateEnvironment
FNDA:0,(anonymous_5)
DA:2,0
DA:68,0
DA:70,0
DA:71,0
DA:74,0
DA:83,0
DA:84,0
DA:85,0
DA:87,0
DA:88,0
DA:90,0
DA:91,0
DA:92,0
DA:94,0
DA:95,0
DA:97,0
DA:100,0
LF:17
LH:0
BRDA:6,0,0,0
BRDA:6,0,1,0
BRDA:24,1,0,0
BRDA:24,1,1,0
BRDA:30,2,0,0
BRDA:30,2,1,0
BRDA:46,3,0,0
BRDA:46,3,1,0
BRDA:54,4,0,0
BRDA:54,4,1,0
BRDA:55,5,0,0
BRDA:55,5,1,0
BRDA:56,6,0,0
BRDA:56,6,1,0
BRDA:57,7,0,0
BRDA:57,7,1,0
BRDA:58,8,0,0
BRDA:58,8,1,0
BRDA:70,9,0,0
BRDA:70,10,0,0
BRDA:70,10,1,0
BRDA:70,10,2,0
BRDA:84,11,0,0
BRDA:87,12,0,0
BRDA:87,13,0,0
BRDA:87,13,1,0
BRDA:91,14,0,0
BRDA:91,15,0,0
BRDA:91,15,1,0
BRDA:94,16,0,0
BRDA:94,17,0,0
BRDA:94,17,1,0
BRF:32
BRH:0
end_of_record
TN:
SF:lib/security/config.ts
FN:98,(anonymous_5)
FN:121,(anonymous_6)
FN:136,(anonymous_7)
FNF:3
FNH:0
FNDA:0,(anonymous_5)
FNDA:0,(anonymous_6)
FNDA:0,(anonymous_7)
DA:35,16
DA:98,1
DA:99,0
DA:109,0
DA:110,0
DA:118,0
DA:121,1
DA:122,0
DA:123,0
DA:125,0
DA:126,0
DA:129,0
DA:130,0
DA:133,0
DA:136,1
DA:137,0
DA:139,0
LF:17
LH:4
BRDA:37,0,0,1
BRDA:37,0,1,1
BRDA:82,1,0,1
BRDA:82,1,1,1
BRDA:93,2,0,1
BRDA:93,2,1,1
BRDA:98,3,0,0
BRDA:102,4,0,0
BRDA:102,4,1,0
BRDA:109,5,0,0
BRDA:125,6,0,0
BRDA:129,7,0,0
BRF:12
BRH:6
end_of_record
TN:
SF:lib/security/csrf.ts
FN:16,(anonymous_11)
FN:31,(anonymous_12)
FN:39,(anonymous_13)
FN:52,(anonymous_14)
FN:83,(anonymous_15)
FN:93,(anonymous_16)
FN:94,(anonymous_17)
FN:131,(anonymous_18)
FN:139,(anonymous_19)
FN:157,(anonymous_20)
FN:158,(anonymous_21)
FN:159,(anonymous_22)
FN:160,(anonymous_23)
FN:161,(anonymous_24)
FN:162,(anonymous_25)
FN:166,(anonymous_26)
FN:172,(anonymous_27)
FNF:17
FNH:0
FNDA:0,(anonymous_11)
FNDA:0,(anonymous_12)
FNDA:0,(anonymous_13)
FNDA:0,(anonymous_14)
FNDA:0,(anonymous_15)
FNDA:0,(anonymous_16)
FNDA:0,(anonymous_17)
FNDA:0,(anonymous_18)
FNDA:0,(anonymous_19)
FNDA:0,(anonymous_20)
FNDA:0,(anonymous_21)
FNDA:0,(anonymous_22)
FNDA:0,(anonymous_23)
FNDA:0,(anonymous_24)
FNDA:0,(anonymous_25)
FNDA:0,(anonymous_26)
FNDA:0,(anonymous_27)
DA:1,0
DA:2,0
DA:13,0
DA:17,0
DA:32,0
DA:33,0
DA:40,0
DA:41,0
DA:42,0
DA:43,0
DA:44,0
DA:46,0
DA:53,0
DA:54,0
DA:55,0
DA:56,0
DA:59,0
DA:60,0
DA:61,0
DA:64,0
DA:65,0
DA:69,0
DA:70,0
DA:71,0
DA:74,0
DA:76,0
DA:84,0
DA:94,0
DA:96,0
DA:97,0
DA:101,0
DA:102,0
DA:103,0
DA:106,0
DA:109,0
DA:110,0
DA:116,0
DA:117,0
DA:118,0
DA:124,0
DA:132,0
DA:133,0
DA:140,0
DA:141,0
DA:142,0
DA:145,0
DA:146,0
DA:154,0
DA:157,0
DA:158,0
DA:159,0
DA:160,0
DA:161,0
DA:162,0
DA:165,0
DA:168,0
DA:169,0
DA:170,0
DA:173,0
DA:175,0
DA:176,0
DA:179,0
DA:180,0
DA:181,0
DA:182,0
DA:186,0
DA:187,0
DA:188,0
DA:191,0
DA:192,0
DA:193,0
DA:196,0
DA:197,0
DA:198,0
DA:201,0
DA:202,0
DA:204,0
DA:205,0
LF:78
LH:0
BRDA:18,0,0,0
BRDA:18,0,1,0
BRDA:55,1,0,0
BRDA:64,2,0,0
BRDA:70,3,0,0
BRDA:96,4,0,0
BRDA:102,5,0,0
BRDA:102,6,0,0
BRDA:102,6,1,0
BRDA:106,7,0,0
BRDA:106,7,1,0
BRDA:109,8,0,0
BRDA:117,9,0,0
BRDA:141,10,0,0
BRDA:180,11,0,0
BRDA:180,12,0,0
BRDA:180,12,1,0
BRDA:186,13,0,0
BRDA:196,14,0,0
BRDA:196,15,0,0
BRDA:196,15,1,0
BRF:21
BRH:0
end_of_record
TN:
SF:lib/security/headers.ts
FN:7,(anonymous_3)
FN:31,(anonymous_4)
FN:33,(anonymous_5)
FNF:3
FNH:0
FNDA:0,(anonymous_3)
FNDA:0,(anonymous_4)
FNDA:0,(anonymous_5)
DA:1,0
DA:7,0
DA:8,0
DA:31,0
DA:32,0
DA:33,0
DA:34,0
LF:7
LH:0
BRF:0
BRH:0
end_of_record
TN:
SF:lib/security/input-sanitizer.ts
FN:25,(anonymous_9)
FN:38,(anonymous_10)
FN:54,(anonymous_11)
FN:68,(anonymous_12)
FN:80,(anonymous_13)
FN:92,(anonymous_14)
FN:114,(anonymous_15)
FN:131,(anonymous_16)
FN:146,(anonymous_17)
FNF:9
FNH:0
FNDA:0,(anonymous_9)
FNDA:0,(anonymous_10)
FNDA:0,(anonymous_11)
FNDA:0,(anonymous_12)
FNDA:0,(anonymous_13)
FNDA:0,(anonymous_14)
FNDA:0,(anonymous_15)
FNDA:0,(anonymous_16)
FNDA:0,(anonymous_17)
DA:1,0
DA:11,0
DA:12,0
DA:26,0
DA:28,0
DA:30,0
DA:32,0
DA:33,0
DA:37,0
DA:38,0
DA:39,0
DA:44,0
DA:46,0
DA:47,0
DA:55,0
DA:69,0
DA:71,0
DA:72,0
DA:74,0
DA:81,0
DA:93,0
DA:95,0
DA:98,0
DA:99,0
DA:101,0
DA:102,0
DA:108,0
DA:115,0
DA:116,0
DA:117,0
DA:118,0
DA:119,0
DA:120,0
DA:122,0
DA:125,0
DA:147,0
DA:152,0
DA:153,0
DA:154,0
DA:155,0
DA:156,0
DA:157,0
LF:42
LH:0
BRDA:26,0,0,0
BRDA:32,1,0,0
BRDA:37,2,0,0
BRDA:37,2,1,0
BRDA:54,3,0,0
BRDA:55,4,0,0
BRDA:69,5,0,0
BRDA:74,6,0,0
BRDA:74,6,1,0
BRDA:81,7,0,0
BRDA:93,8,0,0
BRDA:101,9,0,0
BRDA:117,10,0,0
BRDA:117,10,1,0
BRDA:119,11,0,0
BRDA:119,11,1,0
BRDA:119,12,0,0
BRDA:119,12,1,0
BRF:18
BRH:0
end_of_record
TN:
SF:lib/security/rate-limiter.ts
FN:8,getStore
FN:31,(anonymous_6)
FN:42,(anonymous_7)
FN:55,(anonymous_8)
FN:139,(anonymous_9)
FN:154,(anonymous_10)
FN:176,(anonymous_11)
FN:244,createRateLimitMiddleware
FN:245,(anonymous_13)
FNF:9
FNH:0
FNDA:0,getStore
FNDA:0,(anonymous_6)
FNDA:0,(anonymous_7)
FNDA:0,(anonymous_8)
FNDA:0,(anonymous_9)
FNDA:0,(anonymous_10)
FNDA:0,(anonymous_11)
FNDA:0,createRateLimitMiddleware
FNDA:0,(anonymous_13)
DA:1,0
DA:2,0
DA:3,0
DA:6,0
DA:7,0
DA:9,0
DA:10,0
DA:27,0
DA:32,0
DA:34,0
DA:43,0
DA:44,0
DA:47,0
DA:48,0
DA:51,0
DA:61,0
DA:64,0
DA:65,0
DA:72,0
DA:74,0
DA:75,0
DA:76,0
DA:79,0
DA:85,0
DA:91,0
DA:92,0
DA:101,0
DA:102,0
DA:108,0
DA:112,0
DA:113,0
DA:114,0
DA:116,0
DA:117,0
DA:119,0
DA:128,0
DA:129,0
DA:131,0
DA:140,0
DA:142,0
DA:143,0
DA:144,0
DA:145,0
DA:146,0
DA:147,0
DA:149,0
DA:155,0
DA:156,0
DA:158,0
DA:165,0
DA:166,0
DA:167,0
DA:168,0
DA:169,0
DA:171,0
DA:182,0
DA:183,0
DA:184,0
DA:185,0
DA:186,0
DA:191,0
DA:192,0
DA:194,0
DA:204,0
DA:244,0
DA:245,0
DA:246,0
DA:248,0
DA:249,0
DA:263,0
DA:264,0
DA:265,0
DA:267,0
DA:268,0
DA:271,0
LF:75
LH:0
BRDA:9,0,0,0
BRDA:38,1,0,0
BRDA:38,1,1,0
BRDA:43,2,0,0
BRDA:43,2,1,0
BRDA:43,2,2,0
BRDA:44,3,0,0
BRDA:44,3,1,0
BRDA:47,4,0,0
BRDA:61,5,0,0
BRDA:61,5,1,0
BRDA:64,6,0,0
BRDA:75,7,0,0
BRDA:75,7,1,0
BRDA:76,8,0,0
BRDA:76,8,1,0
BRDA:79,9,0,0
BRDA:79,9,1,0
BRDA:85,10,0,0
BRDA:85,10,1,0
BRDA:85,11,0,0
BRDA:85,11,1,0
BRDA:91,12,0,0
BRDA:91,13,0,0
BRDA:91,13,1,0
BRDA:91,13,2,0
BRDA:101,14,0,0
BRDA:101,14,1,0
BRDA:112,15,0,0
BRDA:114,16,0,0
BRDA:114,16,1,0
BRDA:116,17,0,0
BRDA:116,17,1,0
BRDA:116,18,0,0
BRDA:116,18,1,0
BRDA:117,19,0,0
BRDA:117,19,1,0
BRDA:128,20,0,0
BRDA:128,20,1,0
BRDA:140,21,0,0
BRDA:142,22,0,0
BRDA:142,22,1,0
BRDA:144,23,0,0
BRDA:144,23,1,0
BRDA:145,24,0,0
BRDA:145,24,1,0
BRDA:155,25,0,0
BRDA:155,25,1,0
BRDA:165,26,0,0
BRDA:165,26,1,0
BRDA:167,27,0,0
BRDA:167,27,1,0
BRDA:182,28,0,0
BRDA:182,28,1,0
BRDA:184,29,0,0
BRDA:184,29,1,0
BRDA:185,30,0,0
BRDA:185,30,1,0
BRDA:186,31,0,0
BRDA:186,31,1,0
BRDA:186,32,0,0
BRDA:186,32,1,0
BRDA:192,33,0,0
BRDA:192,33,1,0
BRDA:192,33,2,0
BRDA:198,34,0,0
BRDA:198,34,1,0
BRDA:248,35,0,0
BRDA:252,36,0,0
BRDA:252,36,1,0
BRDA:259,37,0,0
BRDA:259,37,1,0
BRDA:267,38,0,0
BRF:73
BRH:0
end_of_record
TN:
SF:lib/security/session-manager.ts
FN:10,getStore
FN:46,(anonymous_6)
FN:119,(anonymous_7)
FN:141,(anonymous_8)
FN:196,(anonymous_9)
FN:211,(anonymous_10)
FN:217,(anonymous_11)
FN:230,(anonymous_12)
FN:242,(anonymous_13)
FN:246,(anonymous_14)
FN:261,(anonymous_15)
FN:280,(anonymous_16)
FN:285,(anonymous_17)
FN:295,(anonymous_18)
FN:305,(anonymous_19)
FN:329,(anonymous_20)
FN:366,createSecureCookie
FN:381,clearCookie
FNF:18
FNH:0
FNDA:0,getStore
FNDA:0,(anonymous_6)
FNDA:0,(anonymous_7)
FNDA:0,(anonymous_8)
FNDA:0,(anonymous_9)
FNDA:0,(anonymous_10)
FNDA:0,(anonymous_11)
FNDA:0,(anonymous_12)
FNDA:0,(anonymous_13)
FNDA:0,(anonymous_14)
FNDA:0,(anonymous_15)
FNDA:0,(anonymous_16)
FNDA:0,(anonymous_17)
FNDA:0,(anonymous_18)
FNDA:0,(anonymous_19)
FNDA:0,(anonymous_20)
FNDA:0,createSecureCookie
FNDA:0,clearCookie
DA:1,0
DA:4,0
DA:5,0
DA:9,0
DA:11,0
DA:12,0
DA:39,0
DA:40,0
DA:41,0
DA:61,0
DA:62,0
DA:63,0
DA:64,0
DA:65,0
DA:67,0
DA:81,0
DA:82,0
DA:89,0
DA:90,0
DA:93,0
DA:103,0
DA:104,0
DA:110,0
DA:120,0
DA:121,0
DA:122,0
DA:123,0
DA:125,0
DA:126,0
DA:130,0
DA:131,0
DA:133,0
DA:135,0
DA:136,0
DA:146,0
DA:147,0
DA:149,0
DA:150,0
DA:153,0
DA:154,0
DA:155,0
DA:156,0
DA:160,0
DA:161,0
DA:163,0
DA:173,0
DA:174,0
DA:181,0
DA:182,0
DA:184,0
DA:190,0
DA:191,0
DA:197,0
DA:198,0
DA:199,0
DA:200,0
DA:203,0
DA:204,0
DA:205,0
DA:206,0
DA:207,0
DA:212,0
DA:213,0
DA:218,0
DA:219,0
DA:221,0
DA:222,0
DA:223,0
DA:224,0
DA:231,0
DA:232,0
DA:233,0
DA:235,0
DA:236,0
DA:237,0
DA:238,0
DA:242,0
DA:247,0
DA:248,0
DA:249,0
DA:251,0
DA:252,0
DA:254,0
DA:256,0
DA:262,0
DA:263,0
DA:266,0
DA:272,0
DA:281,0
DA:289,0
DA:291,0
DA:293,0
DA:295,0
DA:297,0
DA:298,0
DA:299,0
DA:307,0
DA:308,0
DA:309,0
DA:311,0
DA:312,0
DA:313,0
DA:315,0
DA:316,0
DA:318,0
DA:323,0
DA:324,0
DA:335,0
DA:336,0
DA:337,0
DA:344,0
DA:345,0
DA:346,0
DA:348,0
DA:349,0
DA:350,0
DA:353,0
DA:354,0
DA:357,0
DA:361,0
DA:366,0
DA:367,0
DA:369,0
DA:381,0
DA:382,0
LF:125
LH:0
BRDA:11,0,0,0
BRDA:40,1,0,0
BRDA:40,1,1,0
BRDA:41,2,0,0
BRDA:41,2,1,0
BRDA:54,3,0,0
BRDA:64,4,0,0
BRDA:64,4,1,0
BRDA:76,5,0,0
BRDA:76,5,1,0
BRDA:77,6,0,0
BRDA:77,6,1,0
BRDA:81,7,0,0
BRDA:125,8,0,0
BRDA:149,9,0,0
BRDA:155,10,0,0
BRDA:199,11,0,0
BRDA:223,12,0,0
BRDA:223,13,0,0
BRDA:223,13,1,0
BRDA:237,14,0,0
BRDA:237,15,0,0
BRDA:237,15,1,0
BRDA:249,16,0,0
BRDA:249,17,0,0
BRDA:249,17,1,0
BRDA:262,18,0,0
BRDA:262,18,1,0
BRDA:263,19,0,0
BRDA:263,19,1,0
BRDA:263,19,2,0
BRDA:291,20,0,0
BRDA:313,21,0,0
BRDA:316,22,0,0
BRDA:323,23,0,0
BRDA:346,24,0,0
BRDA:349,25,0,0
BRDA:353,26,0,0
BRDA:357,27,0,0
BRDA:357,27,1,0
BRDA:366,28,0,0
BRF:41
BRH:0
end_of_record
TN:
SF:lib/security/session-store.ts
FN:12,(anonymous_2)
FN:16,(anonymous_3)
FN:20,(anonymous_4)
FN:23,(anonymous_5)
FN:24,(anonymous_6)
FN:31,(anonymous_8)
FN:36,(anonymous_9)
FN:43,(anonymous_10)
FN:47,(anonymous_11)
FN:57,(anonymous_12)
FN:63,(anonymous_13)
FN:67,(anonymous_14)
FN:76,createStore
FNF:13
FNH:0
FNDA:0,(anonymous_2)
FNDA:0,(anonymous_3)
FNDA:0,(anonymous_4)
FNDA:0,(anonymous_5)
FNDA:0,(anonymous_6)
FNDA:0,(anonymous_8)
FNDA:0,(anonymous_9)
FNDA:0,(anonymous_10)
FNDA:0,(anonymous_11)
FNDA:0,(anonymous_12)
FNDA:0,(anonymous_13)
FNDA:0,(anonymous_14)
FNDA:0,createStore
DA:1,0
DA:11,0
DA:13,0
DA:14,0
DA:17,0
DA:18,0
DA:21,0
DA:24,0
DA:32,0
DA:33,0
DA:37,0
DA:43,0
DA:44,0
DA:48,0
DA:49,0
DA:50,0
DA:51,0
DA:53,0
DA:58,0
DA:59,0
DA:60,0
DA:64,0
DA:69,0
DA:70,0
DA:71,0
DA:72,0
DA:76,0
DA:77,0
DA:78,0
DA:79,0
DA:80,0
DA:81,0
DA:83,0
LF:33
LH:0
BRDA:14,0,0,0
BRDA:14,0,1,0
BRDA:17,1,0,0
BRDA:17,1,1,0
BRDA:23,2,0,0
BRDA:49,3,0,0
BRDA:59,4,0,0
BRDA:59,4,1,0
BRDA:59,5,0,0
BRDA:59,5,1,0
BRDA:67,6,0,0
BRDA:71,7,0,0
BRDA:71,7,1,0
BRDA:80,8,0,0
BRDA:80,9,0,0
BRDA:80,9,1,0
BRDA:80,9,2,0
BRF:17
BRH:0
end_of_record
TN:
SF:lib/security/sri.ts
FN:13,getSriHash
FN:17,addSriToScript
FN:22,addSriToLink
FNF:3
FNH:0
FNDA:0,getSriHash
FNDA:0,addSriToScript
FNDA:0,addSriToLink
DA:2,0
DA:13,0
DA:14,0
DA:17,0
DA:18,0
DA:19,0
DA:22,0
DA:23,0
DA:24,0
LF:9
LH:0
BRDA:19,0,0,0
BRDA:19,0,1,0
BRDA:24,1,0,0
BRDA:24,1,1,0
BRF:4
BRH:0
end_of_record
TN:
SF:lib/supabase/admin.ts
FN:8,instantiate
FN:28,getSupabaseAdmin
FN:37,(anonymous_5)
FNF:3
FNH:0
FNDA:0,instantiate
FNDA:0,getSupabaseAdmin
FNDA:0,(anonymous_5)
DA:1,0
DA:6,0
DA:9,0
DA:10,0
DA:11,0
DA:12,0
DA:14,0
DA:28,0
DA:29,0
DA:30,0
DA:32,0
DA:36,0
DA:38,0
DA:39,0
DA:40,0
DA:43,0
DA:45,0
DA:48,0
DA:51,0
LF:19
LH:0
BRDA:11,0,0,0
BRDA:11,1,0,0
BRDA:11,1,1,0
BRDA:29,2,0,0
BRDA:38,3,0,0
BRDA:43,4,0,0
BRF:6
BRH:0
end_of_record
TN:
SF:lib/supabase/client.ts
FN:24,(anonymous_3)
FNF:1
FNH:0
FNDA:0,(anonymous_3)
DA:1,0
DA:3,0
DA:4,0
DA:6,0
DA:24,0
DA:25,0
DA:26,0
DA:31,0
DA:32,0
DA:33,0
DA:36,0
DA:38,0
DA:39,0
LF:13
LH:0
BRDA:31,0,0,0
BRF:1
BRH:0
end_of_record
